TN:
SF:C:\Users\zita\Documents\Semester_4\Adpro\GroupProject\json-order-service\src\controller\admin.rs
FN:15,get_all
FN:38,get_order
FN:55,force_cancel
FNF:3
FNDA:360287970189639680,get_all
FNDA:288230376151711744,get_order
FNDA:432345564227567616,force_cancel
DA:15,360287970189639680
DA:21,360287970189639680
DA:22,360287970189639680
DA:23,360287970189639680
DA:24,720575940379279360
DA:26,576460752303423488
DA:28,288230376151711744
DA:29,288230376151711744
DA:30,288230376151711744
DA:31,288230376151711744
DA:32,576460752303423488
DA:33,288230376151711744
DA:38,288230376151711744
DA:43,72057594037927936
DA:44,1441151880758558720
DA:45,504403158265495552
DA:47,144115188075855872
DA:48,144115188075855872
DA:49,72057594037927936
DA:50,72057594037927936
DA:55,432345564227567616
DA:61,864691128455135232
DA:62,432345564227567616
DA:65,432345564227567616
DA:66,432345564227567616
DA:67,432345564227567616
DA:68,432345564227567616
DA:69,864691128455135232
DA:70,864691128455135232
DA:71,432345564227567616
DA:73,648518346341351424
DA:75,432345564227567616
DA:76,432345564227567616
DA:77,216172782113783808
DA:78,216172782113783808
LF:35
LH:35
end_of_record
TN:
SF:C:\Users\zita\Documents\Semester_4\Adpro\GroupProject\json-order-service\src\controller\internal.rs
FN:16,payment_info
FN:41,payment_confirmed
FN:63,refund_confirmed
FNF:3
FNDA:432345564227567616,payment_info
FNDA:432345564227567616,payment_confirmed
FNDA:576460752303423488,refund_confirmed
DA:16,432345564227567616
DA:21,1080863910568919040
DA:23,144115188075855872
DA:24,720575940379279360
DA:26,288230376151711744
DA:27,288230376151711744
DA:28,288230376151711744
DA:29,288230376151711744
DA:30,288230376151711744
DA:31,288230376151711744
DA:32,288230376151711744
DA:33,288230376151711744
DA:34,144115188075855872
DA:35,144115188075855872
DA:41,432345564227567616
DA:47,936748722493063168
DA:49,72057594037927936
DA:50,1729382256910270464
DA:52,144115188075855872
DA:53,144115188075855872
DA:54,144115188075855872
DA:55,144115188075855872
DA:56,72057594037927936
DA:57,72057594037927936
DA:63,576460752303423488
DA:69,1224979098644774912
DA:71,216172782113783808
DA:72,2305843009213693952
DA:74,432345564227567616
DA:75,432345564227567616
DA:76,432345564227567616
DA:77,432345564227567616
DA:78,432345564227567616
DA:79,216172782113783808
DA:80,216172782113783808
LF:35
LH:35
end_of_record
TN:
SF:C:\Users\zita\Documents\Semester_4\Adpro\GroupProject\json-order-service\src\controller\order.rs
FN:18,paginated_response
FN:39,checkout
FN:68,get_order
FN:83,payment
FN:104,confirm_order
FN:133,purchased
FN:155,shipped
FN:186,get_order_history
FN:207,cancel_order
FN:235,my_purchases
FN:256,my_sales
FNF:11
FNDA:360287970189639680,paginated_response
FNDA:360287970189639680,checkout
FNDA:360287970189639680,get_order
FNDA:144115188075855872,payment
FNDA:216172782113783808,confirm_order
FNDA:144115188075855872,purchased
FNDA:144115188075855872,shipped
FNDA:144115188075855872,get_order_history
FNDA:216172782113783808,cancel_order
FNDA:144115188075855872,my_purchases
FNDA:144115188075855872,my_sales
DA:18,360287970189639680
DA:25,1080863910568919040
DA:26,1080863910568919040
DA:27,360287970189639680
DA:28,1080863910568919040
DA:29,360287970189639680
DA:30,360287970189639680
DA:31,360287970189639680
DA:32,360287970189639680
DA:33,720575940379279360
DA:39,360287970189639680
DA:45,360287970189639680
DA:46,360287970189639680
DA:47,360287970189639680
DA:48,720575940379279360
DA:49,360287970189639680
DA:51,504403158265495552
DA:53,216172782113783808
DA:54,216172782113783808
DA:55,432345564227567616
DA:56,432345564227567616
DA:57,432345564227567616
DA:58,432345564227567616
DA:59,432345564227567616
DA:60,216172782113783808
DA:61,216172782113783808
DA:68,360287970189639680
DA:73,2522015791327477760
DA:75,288230376151711744
DA:76,288230376151711744
DA:77,144115188075855872
DA:78,144115188075855872
DA:83,144115188075855872
DA:89,144115188075855872
DA:90,144115188075855872
DA:91,288230376151711744
DA:92,144115188075855872
DA:94,216172782113783808
DA:96,144115188075855872
DA:97,144115188075855872
DA:98,72057594037927936
DA:99,72057594037927936
DA:104,216172782113783808
DA:110,216172782113783808
DA:111,216172782113783808
DA:112,216172782113783808
DA:113,432345564227567616
DA:114,216172782113783808
DA:116,288230376151711744
DA:118,144115188075855872
DA:119,144115188075855872
DA:120,288230376151711744
DA:121,288230376151711744
DA:122,288230376151711744
DA:123,288230376151711744
DA:124,288230376151711744
DA:125,144115188075855872
DA:126,144115188075855872
DA:133,144115188075855872
DA:138,1008806316530991104
DA:140,72057594037927936
DA:141,72057594037927936
DA:142,144115188075855872
DA:143,144115188075855872
DA:144,144115188075855872
DA:145,144115188075855872
DA:146,144115188075855872
DA:147,72057594037927936
DA:148,72057594037927936
DA:155,144115188075855872
DA:162,144115188075855872
DA:163,144115188075855872
DA:164,288230376151711744
DA:165,144115188075855872
DA:167,216172782113783808
DA:169,72057594037927936
DA:170,72057594037927936
DA:171,144115188075855872
DA:172,144115188075855872
DA:173,144115188075855872
DA:174,144115188075855872
DA:175,144115188075855872
DA:176,144115188075855872
DA:177,144115188075855872
DA:178,72057594037927936
DA:179,72057594037927936
DA:186,144115188075855872
DA:192,144115188075855872
DA:193,144115188075855872
DA:194,144115188075855872
DA:195,288230376151711744
DA:197,216172782113783808
DA:199,144115188075855872
DA:200,144115188075855872
DA:201,72057594037927936
DA:202,72057594037927936
DA:207,216172782113783808
DA:213,432345564227567616
DA:214,216172782113783808
DA:217,216172782113783808
DA:218,216172782113783808
DA:219,216172782113783808
DA:220,216172782113783808
DA:221,432345564227567616
DA:222,432345564227567616
DA:223,216172782113783808
DA:225,216172782113783808
DA:227,432345564227567616
DA:228,432345564227567616
DA:229,216172782113783808
DA:230,216172782113783808
DA:235,144115188075855872
DA:240,288230376151711744
DA:241,288230376151711744
DA:243,288230376151711744
DA:244,864691128455135232
DA:246,288230376151711744
DA:247,288230376151711744
DA:248,288230376151711744
DA:249,288230376151711744
DA:250,144115188075855872
DA:251,144115188075855872
DA:256,144115188075855872
DA:261,288230376151711744
DA:262,288230376151711744
DA:264,144115188075855872
DA:265,936748722493063168
DA:267,144115188075855872
DA:268,144115188075855872
DA:269,144115188075855872
DA:270,144115188075855872
DA:271,72057594037927936
DA:272,72057594037927936
LF:133
LH:133
end_of_record
TN:
SF:C:\Users\zita\Documents\Semester_4\Adpro\GroupProject\json-order-service\src\controller\rating_jastiper.rs
FN:19,submit_rating_jastiper
FN:53,get_ratings_by_jastiper
FN:82,get_rating
FNF:3
FNDA:648518346341351424,submit_rating_jastiper
FNDA:144115188075855872,get_ratings_by_jastiper
FNDA:432345564227567616,get_rating
DA:19,648518346341351424
DA:25,1297036692682702848
DA:26,1080863910568919040
DA:29,504403158265495552
DA:30,504403158265495552
DA:31,504403158265495552
DA:32,1008806316530991104
DA:33,504403158265495552
DA:35,792633534417207296
DA:37,216172782113783808
DA:38,216172782113783808
DA:39,432345564227567616
DA:40,432345564227567616
DA:41,432345564227567616
DA:42,432345564227567616
DA:43,432345564227567616
DA:44,432345564227567616
DA:45,216172782113783808
DA:46,216172782113783808
DA:53,144115188075855872
DA:59,288230376151711744
DA:60,288230376151711744
DA:61,144115188075855872
DA:63,144115188075855872
DA:65,576460752303423488
DA:66,576460752303423488
DA:68,288230376151711744
DA:69,288230376151711744
DA:70,288230376151711744
DA:71,288230376151711744
DA:72,288230376151711744
DA:73,288230376151711744
DA:74,288230376151711744
DA:75,144115188075855872
DA:76,144115188075855872
DA:82,432345564227567616
DA:88,432345564227567616
DA:89,432345564227567616
DA:90,432345564227567616
DA:91,864691128455135232
DA:93,720575940379279360
DA:95,288230376151711744
DA:96,288230376151711744
DA:97,144115188075855872
DA:98,144115188075855872
LF:45
LH:45
end_of_record
TN:
SF:C:\Users\zita\Documents\Semester_4\Adpro\GroupProject\json-order-service\src\controller\rating_product.rs
FN:19,submit_rating_product
FN:53,get_ratings_by_product
FN:79,get_rating
FNF:3
FNDA:576460752303423488,submit_rating_product
FNDA:144115188075855872,get_ratings_by_product
FNDA:432345564227567616,get_rating
DA:19,576460752303423488
DA:25,1152921504606846976
DA:26,1008806316530991104
DA:29,432345564227567616
DA:30,432345564227567616
DA:31,432345564227567616
DA:32,864691128455135232
DA:33,432345564227567616
DA:35,720575940379279360
DA:37,144115188075855872
DA:38,144115188075855872
DA:39,288230376151711744
DA:40,288230376151711744
DA:41,288230376151711744
DA:42,288230376151711744
DA:43,288230376151711744
DA:44,288230376151711744
DA:45,144115188075855872
DA:46,144115188075855872
DA:53,144115188075855872
DA:58,432345564227567616
DA:59,576460752303423488
DA:60,144115188075855872
DA:62,576460752303423488
DA:63,576460752303423488
DA:65,288230376151711744
DA:66,288230376151711744
DA:67,288230376151711744
DA:68,288230376151711744
DA:69,288230376151711744
DA:70,288230376151711744
DA:71,288230376151711744
DA:72,144115188075855872
DA:73,144115188075855872
DA:79,432345564227567616
DA:85,432345564227567616
DA:86,432345564227567616
DA:87,432345564227567616
DA:88,864691128455135232
DA:90,720575940379279360
DA:92,288230376151711744
DA:93,288230376151711744
DA:94,144115188075855872
DA:95,144115188075855872
LF:44
LH:44
end_of_record
TN:
SF:C:\Users\zita\Documents\Semester_4\Adpro\GroupProject\json-order-service\src\error.rs
FN:62,<impl IntoResponse for AppError>::into_response
FNF:1
FNDA:5548434740920451072,<impl IntoResponse for AppError>::into_response
DA:62,5548434740920451072
DA:63,16645304222761353216
DA:64,864691128455135232
DA:65,432345564227567616
DA:66,2161727821137838080
DA:68,2161727821137838080
DA:69,1080863910568919040
DA:70,2161727821137838080
DA:72,3458764513820540928
DA:73,3674937295934324736
DA:74,1729382256910270464
DA:75,864691128455135232
DA:76,432345564227567616
DA:77,864691128455135232
DA:80,144115188075855872
DA:81,144115188075855872
DA:82,144115188075855872
DA:83,144115188075855872
DA:84,144115188075855872
DA:85,288230376151711744
DA:86,288230376151711744
DA:87,288230376151711744
DA:88,288230376151711744
DA:89,144115188075855872
DA:90,144115188075855872
DA:93,144115188075855872
DA:94,72057594037927936
DA:95,288230376151711744
DA:97,72057594037927936
DA:98,72057594037927936
DA:99,144115188075855872
DA:101,288230376151711744
DA:102,288230376151711744
DA:103,576460752303423488
DA:105,72057594037927936
DA:106,72057594037927936
DA:107,144115188075855872
DA:110,11096869481840902144
LF:38
LH:38
end_of_record
TN:
SF:C:\Users\zita\Documents\Semester_4\Adpro\GroupProject\json-order-service\src\middleware\auth.rs
FN:25,JwtClaims::user_id
FN:30,JwtClaims::role
FN:43,<impl FromRequestParts for JwtClaims>::from_request_parts
FNF:3
FNDA:4539628424389459968,JwtClaims::user_id
FNDA:1585267068834414592,JwtClaims::role
FNDA:7421932185906577408,<impl FromRequestParts for JwtClaims>::from_request_parts
DA:25,4539628424389459968
DA:26,9079256848778919936
DA:27,4827858800541171712
DA:30,1585267068834414592
DA:31,3170534137668829184
DA:32,1729382256910270464
DA:43,7421932185906577408
DA:44,0
DA:45,0
DA:47,1441151880758558720
DA:48,792633534417207296
DA:49,792633534417207296
DA:52,216172782113783808
DA:53,216172782113783808
DA:56,144115188075855872
DA:58,7205759403792793600
DA:60,0
DA:61,0
DA:62,0
DA:63,0
DA:66,0
DA:67,0
DA:68,0
DA:69,0
DA:70,0
DA:71,0
DA:74,5188146770730811412
DA:75,0
DA:76,0
DA:78,0
DA:81,216172782113783808
DA:82,216172782113783808
DA:83,216172782113783808
DA:86,0
DA:88,0
DA:89,0
DA:91,432345564227567616
DA:92,432345564227567616
DA:93,432345564227567616
DA:96,0
LF:40
LH:21
end_of_record
TN:
SF:C:\Users\zita\Documents\Semester_4\Adpro\GroupProject\json-order-service\src\middleware\security_config.rs
FN:4,validate_service_key
FNF:1
FNDA:1873497444986126336,validate_service_key
DA:4,1873497444986126336
DA:5,3746994889972252672
DA:7,6845471433603153920
DA:10,1873497444986126336
DA:11,3891110078048108544
DA:13,1873497444986126336
DA:14,648518346341351424
DA:17,1224979098644774912
LF:8
LH:8
end_of_record
TN:
SF:C:\Users\zita\Documents\Semester_4\Adpro\GroupProject\json-order-service\src\models\order_state.rs
FN:27,OrderStatus::as_str
FN:45,<impl FromStr for OrderStatus>::from_str
FN:62,<impl Display for OrderStatus>::fmt
FN:82,OrderMachine::from_status
FN:88,OrderMachine::current_status
FN:92,OrderMachine::update_status
FN:102,OrderMachine::cancel
FN:119,<impl OrderState for ReservingState>::update_status
FN:128,<impl OrderState for ReservingState>::cancel
FN:137,<impl OrderState for ReservingState>::current_status
FN:143,<impl OrderState for PendingState>::update_status
FN:152,<impl OrderState for PendingState>::cancel
FN:161,<impl OrderState for PendingState>::current_status
FN:167,<impl OrderState for PaidState>::update_status
FN:178,<impl OrderState for PaidState>::cancel
FN:187,<impl OrderState for PaidState>::current_status
FN:193,<impl OrderState for PurchasedState>::update_status
FN:204,<impl OrderState for PurchasedState>::cancel
FN:213,<impl OrderState for PurchasedState>::current_status
FN:219,<impl OrderState for ShippedState>::update_status
FN:230,<impl OrderState for ShippedState>::cancel
FN:239,<impl OrderState for ShippedState>::current_status
FN:245,<impl OrderState for CompletedState>::update_status
FN:251,<impl OrderState for CompletedState>::cancel
FN:257,<impl OrderState for CompletedState>::current_status
FN:263,<impl OrderState for RefundingState>::update_status
FN:274,<impl OrderState for RefundingState>::cancel
FN:280,<impl OrderState for RefundingState>::current_status
FN:286,<impl OrderState for RefundFailedState>::update_status
FN:295,<impl OrderState for RefundFailedState>::cancel
FN:301,<impl OrderState for RefundFailedState>::current_status
FN:307,<impl OrderState for CancelledState>::update_status
FN:313,<impl OrderState for CancelledState>::cancel
FN:319,<impl OrderState for CancelledState>::current_status
FN:326,make_state
FNF:35
FNDA:9727775195120271360,OrderStatus::as_str
FNDA:2449958197289549824,<impl FromStr for OrderStatus>::from_str
FNDA:8574853690513424384,<impl Display for OrderStatus>::fmt
FNDA:8502796096475496448,OrderMachine::from_status
FNDA:1080863910568919040,OrderMachine::current_status
FNDA:4683743612465315840,OrderMachine::update_status
FNDA:3674937295934324736,OrderMachine::cancel
FNDA:144115188075855872,<impl OrderState for ReservingState>::update_status
FNDA:504403158265495552,<impl OrderState for ReservingState>::cancel
FNDA:72057594037927936,<impl OrderState for ReservingState>::current_status
FNDA:792633534417207296,<impl OrderState for PendingState>::update_status
FNDA:648518346341351424,<impl OrderState for PendingState>::cancel
FNDA:144115188075855872,<impl OrderState for PendingState>::current_status
FNDA:792633534417207296,<impl OrderState for PaidState>::update_status
FNDA:720575940379279360,<impl OrderState for PaidState>::cancel
FNDA:216172782113783808,<impl OrderState for PaidState>::current_status
FNDA:504403158265495552,<impl OrderState for PurchasedState>::update_status
FNDA:216172782113783808,<impl OrderState for PurchasedState>::cancel
FNDA:144115188075855872,<impl OrderState for PurchasedState>::current_status
FNDA:360287970189639680,<impl OrderState for ShippedState>::update_status
FNDA:288230376151711744,<impl OrderState for ShippedState>::cancel
FNDA:144115188075855872,<impl OrderState for ShippedState>::current_status
FNDA:864691128455135232,<impl OrderState for CompletedState>::update_status
FNDA:432345564227567616,<impl OrderState for CompletedState>::cancel
FNDA:144115188075855872,<impl OrderState for CompletedState>::current_status
FNDA:720575940379279360,<impl OrderState for RefundingState>::update_status
FNDA:288230376151711744,<impl OrderState for RefundingState>::cancel
FNDA:72057594037927936,<impl OrderState for RefundingState>::current_status
FNDA:216172782113783808,<impl OrderState for RefundFailedState>::update_status
FNDA:288230376151711744,<impl OrderState for RefundFailedState>::cancel
FNDA:72057594037927936,<impl OrderState for RefundFailedState>::current_status
FNDA:288230376151711744,<impl OrderState for CancelledState>::update_status
FNDA:288230376151711744,<impl OrderState for CancelledState>::cancel
FNDA:72057594037927936,<impl OrderState for CancelledState>::current_status
FNDA:10592466323575406592,make_state
DA:27,9727775195120271360
DA:28,9727775195120271360
DA:29,9223372036854775808
DA:30,288230376151711744
DA:31,1080863910568919040
DA:32,216172782113783808
DA:33,216172782113783808
DA:34,432345564227567616
DA:35,216172782113783808
DA:36,216172782113783808
DA:37,360287970189639680
DA:45,2449958197289549824
DA:46,2449958197289549824
DA:47,2522015791327477760
DA:48,2594073385365405696
DA:49,2594073385365405696
DA:50,1945555039024054272
DA:51,1729382256910270464
DA:52,1513209474796486656
DA:53,1297036692682702848
DA:54,1080863910568919040
DA:55,864691128455135232
DA:56,432345564227567616
DA:62,8574853690513424384
DA:63,15852670688344145920
DA:82,8502796096475496448
DA:84,8502796096475496448
DA:88,1080863910568919040
DA:89,2161727821137838080
DA:92,4683743612465315840
DA:97,4971973988617027584
DA:98,6269010681299730432
DA:99,2089670227099910144
DA:102,3674937295934324736
DA:103,11024811887802974208
DA:119,144115188075855872
DA:120,288230376151711744
DA:121,72057594037927936
DA:122,72057594037927936
DA:123,72057594037927936
DA:128,504403158265495552
DA:129,504403158265495552
DA:130,432345564227567616
DA:131,72057594037927936
DA:132,72057594037927936
DA:137,72057594037927936
DA:138,72057594037927936
DA:143,792633534417207296
DA:144,1585267068834414592
DA:145,360287970189639680
DA:146,432345564227567616
DA:147,432345564227567616
DA:152,648518346341351424
DA:153,648518346341351424
DA:154,576460752303423488
DA:155,72057594037927936
DA:156,72057594037927936
DA:161,144115188075855872
DA:162,144115188075855872
DA:167,792633534417207296
DA:168,1585267068834414592
DA:170,504403158265495552
DA:172,288230376151711744
DA:173,288230376151711744
DA:178,720575940379279360
DA:179,720575940379279360
DA:180,576460752303423488
DA:181,144115188075855872
DA:182,144115188075855872
DA:187,216172782113783808
DA:188,216172782113783808
DA:193,504403158265495552
DA:194,1008806316530991104
DA:196,360287970189639680
DA:198,144115188075855872
DA:199,144115188075855872
DA:204,216172782113783808
DA:205,216172782113783808
DA:206,144115188075855872
DA:207,72057594037927936
DA:208,72057594037927936
DA:213,144115188075855872
DA:214,144115188075855872
DA:219,360287970189639680
DA:220,720575940379279360
DA:222,216172782113783808
DA:224,144115188075855872
DA:225,144115188075855872
DA:230,288230376151711744
DA:231,288230376151711744
DA:232,72057594037927936
DA:233,216172782113783808
DA:234,216172782113783808
DA:239,144115188075855872
DA:240,144115188075855872
DA:245,864691128455135232
DA:246,864691128455135232
DA:247,864691128455135232
DA:251,432345564227567616
DA:252,432345564227567616
DA:253,432345564227567616
DA:257,144115188075855872
DA:258,144115188075855872
DA:263,720575940379279360
DA:264,1441151880758558720
DA:265,288230376151711744
DA:266,216172782113783808
DA:267,216172782113783808
DA:268,216172782113783808
DA:269,216172782113783808
DA:274,288230376151711744
DA:275,288230376151711744
DA:276,288230376151711744
DA:280,72057594037927936
DA:281,72057594037927936
DA:286,216172782113783808
DA:287,432345564227567616
DA:288,72057594037927936
DA:289,144115188075855872
DA:290,144115188075855872
DA:295,288230376151711744
DA:296,288230376151711744
DA:297,288230376151711744
DA:301,72057594037927936
DA:302,72057594037927936
DA:307,288230376151711744
DA:308,288230376151711744
DA:309,288230376151711744
DA:313,288230376151711744
DA:314,288230376151711744
DA:315,288230376151711744
DA:319,72057594037927936
DA:320,72057594037927936
DA:326,10592466323575406592
DA:327,10592466323575406592
DA:328,9223372036854775808
DA:329,1441151880758558720
DA:330,1801439850948198400
DA:331,1224979098644774912
DA:332,1008806316530991104
DA:333,1585267068834414592
DA:334,1008806316530991104
DA:335,792633534417207296
DA:336,1008806316530991104
LF:144
LH:144
end_of_record
TN:
SF:C:\Users\zita\Documents\Semester_4\Adpro\GroupProject\json-order-service\src\models\role.rs
FN:18,Role::as_str
FN:31,<impl FromStr for Role>::from_str
FN:43,<impl Display for Role>::fmt
FNF:3
FNDA:5980780305148018688,Role::as_str
FNDA:2449958197289549824,<impl FromStr for Role>::from_str
FNDA:5404319552844595200,<impl Display for Role>::fmt
DA:18,5980780305148018688
DA:19,5980780305148018688
DA:20,864691128455135232
DA:21,720575940379279360
DA:22,792633534417207296
DA:23,3602879701896396800
DA:31,2449958197289549824
DA:32,2449958197289549824
DA:33,3026418949592973312
DA:34,2377900603251621888
DA:35,2161727821137838080
DA:36,720575940379279360
DA:37,432345564227567616
DA:43,5404319552844595200
DA:44,3170534137668829184
LF:15
LH:15
end_of_record
TN:
SF:C:\Users\zita\Documents\Semester_4\Adpro\GroupProject\json-order-service\src\orchestrator\cancel_order_saga.rs
FN:40,<impl SagaStep for UpdateStatusToRefundingStep>::execute
FN:84,<impl SagaStep for UpdateStatusToRefundingStep>::compensate
FN:121,<impl SagaStep for UpdateStatusToRefundingStep>::name
FN:134,<impl SagaStep for ReleaseStockStep>::execute
FN:154,<impl SagaStep for ReleaseStockStep>::compensate
FN:179,<impl SagaStep for ReleaseStockStep>::name
FN:192,<impl SagaStep for RefundWalletStep>::execute
FN:221,<impl SagaStep for RefundWalletStep>::compensate
FN:229,<impl SagaStep for RefundWalletStep>::name
FNF:9
FNDA:720575940379279360,<impl SagaStep for UpdateStatusToRefundingStep>::execute
FNDA:216172782113783808,<impl SagaStep for UpdateStatusToRefundingStep>::compensate
FNDA:72057594037927936,<impl SagaStep for UpdateStatusToRefundingStep>::name
FNDA:504403158265495552,<impl SagaStep for ReleaseStockStep>::execute
FNDA:216172782113783808,<impl SagaStep for ReleaseStockStep>::compensate
FNDA:72057594037927936,<impl SagaStep for ReleaseStockStep>::name
FNDA:576460752303423488,<impl SagaStep for RefundWalletStep>::execute
FNDA:72057594037927936,<impl SagaStep for RefundWalletStep>::compensate
FNDA:72057594037927936,<impl SagaStep for RefundWalletStep>::name
DA:40,720575940379279360
DA:47,144115188075855872
DA:67,72057594037927936
DA:68,72057594037927936
DA:72,72057594037927936
DA:84,216172782113783808
DA:108,72057594037927936
DA:109,72057594037927936
DA:113,72057594037927936
DA:121,72057594037927936
DA:122,72057594037927936
DA:134,504403158265495552
DA:138,72057594037927936
DA:139,72057594037927936
DA:143,72057594037927936
DA:154,216172782113783808
DA:167,72057594037927936
DA:168,72057594037927936
DA:172,72057594037927936
DA:179,72057594037927936
DA:180,72057594037927936
DA:192,576460752303423488
DA:206,72057594037927936
DA:207,72057594037927936
DA:211,72057594037927936
DA:221,72057594037927936
DA:229,72057594037927936
DA:230,72057594037927936
LF:28
LH:28
end_of_record
TN:
SF:C:\Users\zita\Documents\Semester_4\Adpro\GroupProject\json-order-service\src\orchestrator\checkout_saga.rs
FN:50,<impl SagaStep for CheckWalletStep>::execute
FN:69,<impl SagaStep for CheckWalletStep>::compensate
FN:74,<impl SagaStep for CheckWalletStep>::name
FN:89,<impl SagaStep for ReserveStockStep>::execute
FN:109,<impl SagaStep for ReserveStockStep>::compensate
FN:134,<impl SagaStep for ReserveStockStep>::name
FN:149,<impl SagaStep for UpdateStatusToPendingStep>::execute
FN:181,<impl SagaStep for UpdateStatusToPendingStep>::compensate
FN:212,<impl SagaStep for UpdateStatusToPendingStep>::name
FN:219,build_checkout_context
FNF:10
FNDA:720575940379279360,<impl SagaStep for CheckWalletStep>::execute
FNDA:144115188075855872,<impl SagaStep for CheckWalletStep>::compensate
FNDA:72057594037927936,<impl SagaStep for CheckWalletStep>::name
FNDA:360287970189639680,<impl SagaStep for ReserveStockStep>::execute
FNDA:216172782113783808,<impl SagaStep for ReserveStockStep>::compensate
FNDA:72057594037927936,<impl SagaStep for ReserveStockStep>::name
FNDA:288230376151711744,<impl SagaStep for UpdateStatusToPendingStep>::execute
FNDA:144115188075855872,<impl SagaStep for UpdateStatusToPendingStep>::compensate
FNDA:72057594037927936,<impl SagaStep for UpdateStatusToPendingStep>::name
FNDA:1585267068834414592,build_checkout_context
DA:50,720575940379279360
DA:54,432345564227567616
DA:55,432345564227567616
DA:59,432345564227567616
DA:69,144115188075855872
DA:74,72057594037927936
DA:75,72057594037927936
DA:89,360287970189639680
DA:93,144115188075855872
DA:94,144115188075855872
DA:98,144115188075855872
DA:109,216172782113783808
DA:122,72057594037927936
DA:123,72057594037927936
DA:127,72057594037927936
DA:134,72057594037927936
DA:135,72057594037927936
DA:149,288230376151711744
DA:165,72057594037927936
DA:166,72057594037927936
DA:170,72057594037927936
DA:181,144115188075855872
DA:201,72057594037927936
DA:202,72057594037927936
DA:206,72057594037927936
DA:212,72057594037927936
DA:213,72057594037927936
DA:219,1585267068834414592
DA:226,6341068275337658368
DA:227,6341068275337658368
DA:228,3170534137668829184
DA:230,3170534137668829184
DA:231,1585267068834414592
DA:232,3170534137668829184
DA:233,3170534137668829184
DA:234,3170534137668829184
DA:235,3170534137668829184
DA:236,3170534137668829184
DA:237,1585267068834414592
DA:238,1585267068834414592
LF:40
LH:40
end_of_record
TN:
SF:C:\Users\zita\Documents\Semester_4\Adpro\GroupProject\json-order-service\src\orchestrator\confirm_order_saga.rs
FN:44,<impl SagaStep for UpdateStatusToCompletedStep>::execute
FN:79,<impl SagaStep for UpdateStatusToCompletedStep>::compensate
FN:110,<impl SagaStep for UpdateStatusToCompletedStep>::name
FN:123,<impl SagaStep for TransferEarningsStep>::execute
FN:146,<impl SagaStep for TransferEarningsStep>::compensate
FN:178,<impl SagaStep for TransferEarningsStep>::name
FN:191,<impl SagaStep for SendConfirmationProductStep>::execute
FN:210,<impl SagaStep for SendConfirmationProductStep>::compensate
FN:218,<impl SagaStep for SendConfirmationProductStep>::name
FNF:9
FNDA:360287970189639680,<impl SagaStep for UpdateStatusToCompletedStep>::execute
FNDA:144115188075855872,<impl SagaStep for UpdateStatusToCompletedStep>::compensate
FNDA:72057594037927936,<impl SagaStep for UpdateStatusToCompletedStep>::name
FNDA:360287970189639680,<impl SagaStep for TransferEarningsStep>::execute
FNDA:216172782113783808,<impl SagaStep for TransferEarningsStep>::compensate
FNDA:72057594037927936,<impl SagaStep for TransferEarningsStep>::name
FNDA:360287970189639680,<impl SagaStep for SendConfirmationProductStep>::execute
FNDA:72057594037927936,<impl SagaStep for SendConfirmationProductStep>::compensate
FNDA:72057594037927936,<impl SagaStep for SendConfirmationProductStep>::name
DA:44,360287970189639680
DA:63,72057594037927936
DA:64,72057594037927936
DA:68,72057594037927936
DA:79,144115188075855872
DA:99,72057594037927936
DA:100,72057594037927936
DA:104,72057594037927936
DA:110,72057594037927936
DA:111,72057594037927936
DA:123,360287970189639680
DA:130,72057594037927936
DA:131,72057594037927936
DA:135,72057594037927936
DA:146,216172782113783808
DA:147,216172782113783808
DA:156,72057594037927936
DA:157,72057594037927936
DA:161,72057594037927936
DA:178,72057594037927936
DA:179,72057594037927936
DA:191,360287970189639680
DA:195,72057594037927936
DA:196,72057594037927936
DA:200,72057594037927936
DA:210,72057594037927936
DA:218,72057594037927936
DA:219,72057594037927936
LF:28
LH:28
end_of_record
TN:
SF:C:\Users\zita\Documents\Semester_4\Adpro\GroupProject\json-order-service\src\orchestrator\mod.rs
FN:30,SagaOrchestrator<'a,Ctx>::new
FN:37,SagaOrchestrator<'a,Ctx>::step
FN:42,SagaOrchestrator<'a,Ctx>::run
FN:83,SagaOrchestrator<'a,Ctx>::rollback
FNF:4
FNDA:2017612633061982208,SagaOrchestrator<'a,Ctx>::new
FNDA:5260204364768739328,SagaOrchestrator<'a,Ctx>::step
FNDA:4035225266123964416,SagaOrchestrator<'a,Ctx>::run
FNDA:1873497444986126336,SagaOrchestrator<'a,Ctx>::rollback
DA:30,2017612633061982208
DA:33,2017612633061982208
DA:37,5260204364768739328
DA:38,15780613094306217984
DA:39,5260204364768739328
DA:42,4035225266123964416
DA:43,2017612633061982208
DA:44,0
DA:45,0
DA:46,0
DA:49,6052837899185946624
DA:51,12249790986447749120
DA:52,4107282860161892352
DA:53,0
DA:54,0
DA:55,0
DA:56,0
DA:57,0
DA:60,16429131440647569408
DA:61,0
DA:62,3170534137668829184
DA:63,9511602413006487552
DA:65,936748722493063168
DA:66,936748722493063168
DA:67,0
DA:68,0
DA:69,0
DA:70,0
DA:71,0
DA:73,3746994889972252672
DA:74,936748722493063168
DA:79,1080863910568919040
DA:80,1080863910568919040
DA:83,1873497444986126336
DA:84,936748722493063168
DA:85,0
DA:86,0
DA:87,0
DA:90,3242591731706757120
DA:91,864691128455135232
DA:92,432345564227567616
DA:93,0
DA:94,0
DA:95,0
DA:98,1729382256910270464
DA:99,0
DA:100,360287970189639680
DA:101,0
DA:102,0
DA:103,0
DA:106,72057594037927936
DA:107,72057594037927936
DA:108,0
DA:109,0
DA:110,0
DA:111,0
DA:112,0
DA:118,936748722493063168
LF:58
LH:29
end_of_record
TN:
SF:C:\Users\zita\Documents\Semester_4\Adpro\GroupProject\json-order-service\src\orchestrator\payment_saga.rs
FN:40,<impl SagaStep for UpdateStatusToPaidStep>::execute
FN:72,<impl SagaStep for UpdateStatusToPaidStep>::compensate
FN:106,<impl SagaStep for UpdateStatusToPaidStep>::name
FN:119,<impl SagaStep for DeductWalletStep>::execute
FN:142,<impl SagaStep for DeductWalletStep>::compensate
FN:150,<impl SagaStep for DeductWalletStep>::name
FNF:6
FNDA:288230376151711744,<impl SagaStep for UpdateStatusToPaidStep>::execute
FNDA:144115188075855872,<impl SagaStep for UpdateStatusToPaidStep>::compensate
FNDA:72057594037927936,<impl SagaStep for UpdateStatusToPaidStep>::name
FNDA:360287970189639680,<impl SagaStep for DeductWalletStep>::execute
FNDA:72057594037927936,<impl SagaStep for DeductWalletStep>::compensate
FNDA:72057594037927936,<impl SagaStep for DeductWalletStep>::name
DA:40,288230376151711744
DA:56,72057594037927936
DA:57,72057594037927936
DA:61,72057594037927936
DA:72,144115188075855872
DA:95,72057594037927936
DA:96,72057594037927936
DA:100,72057594037927936
DA:106,72057594037927936
DA:107,72057594037927936
DA:119,360287970189639680
DA:126,144115188075855872
DA:127,144115188075855872
DA:131,144115188075855872
DA:142,72057594037927936
DA:150,72057594037927936
DA:151,72057594037927936
LF:17
LH:17
end_of_record
TN:
SF:C:\Users\zita\Documents\Semester_4\Adpro\GroupProject\json-order-service\src\repositories\adapters\idempotency_adapt.rs
FN:13,PgIdempotencyRepository::new
FN:20,<impl IdempotencyRepository for PgIdempotencyRepository>::is_processed
FN:33,<impl IdempotencyRepository for PgIdempotencyRepository>::mark_processed
FNF:3
FNDA:216172782113783808,PgIdempotencyRepository::new
FNDA:144115188075855872,<impl IdempotencyRepository for PgIdempotencyRepository>::is_processed
FNDA:216172782113783808,<impl IdempotencyRepository for PgIdempotencyRepository>::mark_processed
DA:13,216172782113783808
DA:20,144115188075855872
DA:33,216172782113783808
LF:3
LH:3
end_of_record
TN:
SF:C:\Users\zita\Documents\Semester_4\Adpro\GroupProject\json-order-service\src\repositories\adapters\order_adapt.rs
FN:20,PgOrderRepository::new
FN:38,<impl OrderRepository for PgOrderRepository>::find_all
FN:41,<impl OrderRepository for PgOrderRepository>::find_by_id
FNF:3
FNDA:2810246167479189504,PgOrderRepository::new
FNDA:0,<impl OrderRepository for PgOrderRepository>::find_all
FNDA:216172782113783808,<impl OrderRepository for PgOrderRepository>::find_by_id
DA:20,2810246167479189504
DA:38,0
DA:41,216172782113783808
DA:72,0
DA:73,0
DA:74,0
DA:75,0
DA:76,0
DA:78,0
DA:81,72057594037927936
DA:85,0
LF:11
LH:3
end_of_record
TN:
SF:C:\Users\zita\Documents\Semester_4\Adpro\GroupProject\json-order-service\src\repositories\adapters\order_status_history_adapt.rs
FN:16,PgOrderStatusHistoryRepository::new
FN:32,<impl OrderStatusHistoryRepository for PgOrderStatusHistoryRepository>::insert_status_history
FNF:2
FNDA:2810246167479189504,PgOrderStatusHistoryRepository::new
FNDA:0,<impl OrderStatusHistoryRepository for PgOrderStatusHistoryRepository>::insert_status_history
DA:16,2810246167479189504
DA:32,0
DA:34,0
LF:3
LH:1
end_of_record
TN:
SF:C:\Users\zita\Documents\Semester_4\Adpro\GroupProject\json-order-service\src\repositories\adapters\rating_jastiper_adapt.rs
FN:15,PgRatingJastiperRepository::new
FNF:1
FNDA:720575940379279360,PgRatingJastiperRepository::new
DA:15,720575940379279360
LF:1
LH:1
end_of_record
TN:
SF:C:\Users\zita\Documents\Semester_4\Adpro\GroupProject\json-order-service\src\repositories\adapters\rating_product_adapt.rs
FN:15,PgRatingProductRepository::new
FNF:1
FNDA:648518346341351424,PgRatingProductRepository::new
DA:15,648518346341351424
LF:1
LH:1
end_of_record
TN:
SF:C:\Users\zita\Documents\Semester_4\Adpro\GroupProject\json-order-service\src\repositories\implements\order_repo_impl.rs
FN:16,find_all
FN:85,build_filter_condition
FN:120,find_by_id
FN:155,create
FN:221,update
FN:266,delete
FN:276,find_expired_pending_orders
FNF:7
FNDA:288230376151711744,find_all
FNDA:288230376151711744,build_filter_condition
FNDA:7638104968020361216,find_by_id
FNDA:3314649325744685056,create
FNDA:288230376151711744,update
FNDA:144115188075855872,delete
FNDA:0,find_expired_pending_orders
DA:16,288230376151711744
DA:21,1152921504606846976
DA:22,864691128455135232
DA:24,1152921504606846976
DA:25,0
DA:26,288230376151711744
DA:29,576460752303423488
DA:30,0
DA:31,0
DA:32,0
DA:33,288230376151711744
DA:36,864691128455135232
DA:38,2882303761517117440
DA:39,2305843009213693952
DA:40,2305843009213693952
DA:41,2305843009213693952
DA:42,2305843009213693952
DA:43,2305843009213693952
DA:44,2305843009213693952
DA:45,2305843009213693952
DA:46,2305843009213693952
DA:47,2305843009213693952
DA:48,2305843009213693952
DA:49,2305843009213693952
DA:50,2305843009213693952
DA:51,2305843009213693952
DA:52,2305843009213693952
DA:53,2305843009213693952
DA:54,2305843009213693952
DA:55,2305843009213693952
DA:56,2305843009213693952
DA:57,2305843009213693952
DA:58,2017612633061982208
DA:59,2017612633061982208
DA:61,1729382256910270464
DA:62,1729382256910270464
DA:63,1441151880758558720
DA:64,864691128455135232
DA:65,576460752303423488
DA:66,288230376151711744
DA:68,2017612633061982208
DA:69,1729382256910270464
DA:70,864691128455135232
DA:71,576460752303423488
DA:72,288230376151711744
DA:74,864691128455135232
DA:75,1441151880758558720
DA:76,1441151880758558720
DA:79,576460752303423488
DA:80,576460752303423488
DA:82,288230376151711744
DA:85,288230376151711744
DA:86,576460752303423488
DA:88,432345564227567616
DA:89,144115188075855872
DA:92,288230376151711744
DA:93,432345564227567616
DA:95,144115188075855872
DA:96,0
DA:98,144115188075855872
DA:99,0
DA:102,288230376151711744
DA:103,288230376151711744
DA:104,216172782113783808
DA:105,216172782113783808
DA:106,144115188075855872
DA:110,144115188075855872
DA:111,0
DA:113,144115188075855872
DA:114,0
DA:117,144115188075855872
DA:120,7638104968020361216
DA:121,8286623314361712640
DA:122,648518346341351424
DA:123,648518346341351424
DA:124,648518346341351424
DA:125,648518346341351424
DA:126,648518346341351424
DA:127,648518346341351424
DA:128,648518346341351424
DA:129,648518346341351424
DA:130,648518346341351424
DA:131,648518346341351424
DA:132,648518346341351424
DA:133,648518346341351424
DA:134,648518346341351424
DA:135,648518346341351424
DA:136,648518346341351424
DA:137,648518346341351424
DA:138,648518346341351424
DA:139,648518346341351424
DA:140,648518346341351424
DA:141,15276209936040722432
DA:142,15276209936040722432
DA:144,11457157452030541824
DA:145,648518346341351424
DA:146,3819052484010180608
DA:148,648518346341351424
DA:149,7638104968020361216
DA:150,3819052484010180608
DA:152,3819052484010180608
DA:155,3314649325744685056
DA:164,6629298651489370112
DA:165,6629298651489370112
DA:166,6629298651489370112
DA:168,4755801206503243776
DA:169,13258597302978740224
DA:170,13258597302978740224
DA:171,13258597302978740224
DA:172,13258597302978740224
DA:173,13258597302978740224
DA:174,13258597302978740224
DA:175,13258597302978740224
DA:176,13258597302978740224
DA:177,13258597302978740224
DA:178,13258597302978740224
DA:179,13258597302978740224
DA:180,13258597302978740224
DA:181,13258597302978740224
DA:182,13258597302978740224
DA:183,13258597302978740224
DA:184,9943947977234055168
DA:185,9943947977234055168
DA:187,9943947977234055168
DA:188,13258597302978740224
DA:189,13258597302978740224
DA:190,13258597302978740224
DA:191,13258597302978740224
DA:192,13258597302978740224
DA:193,13258597302978740224
DA:194,13258597302978740224
DA:195,13258597302978740224
DA:196,13258597302978740224
DA:197,16573246628723425280
DA:198,1441151880758558720
DA:199,16573246628723425280
DA:200,13258597302978740224
DA:201,13258597302978740224
DA:202,6629298651489370112
DA:204,3314649325744685056
DA:206,16573246628723425280
DA:208,6629298651489370112
DA:210,6629298651489370112
DA:211,6629298651489370112
DA:212,6629298651489370112
DA:213,6629298651489370112
DA:214,3314649325744685056
DA:216,3314649325744685056
DA:218,16573246628723425280
DA:221,288230376151711744
DA:228,576460752303423488
DA:230,576460752303423488
DA:231,1152921504606846976
DA:232,864691128455135232
DA:233,1441151880758558720
DA:234,576460752303423488
DA:235,1441151880758558720
DA:237,360287970189639680
DA:238,216172782113783808
DA:240,432345564227567616
DA:241,216172782113783808
DA:243,432345564227567616
DA:244,216172782113783808
DA:246,432345564227567616
DA:247,216172782113783808
DA:250,1152921504606846976
DA:251,1441151880758558720
DA:253,576460752303423488
DA:255,576460752303423488
DA:256,576460752303423488
DA:257,576460752303423488
DA:258,576460752303423488
DA:259,288230376151711744
DA:261,288230376151711744
DA:263,1441151880758558720
DA:266,144115188075855872
DA:267,432345564227567616
DA:268,216172782113783808
DA:269,360287970189639680
DA:270,72057594037927936
DA:272,360287970189639680
DA:273,72057594037927936
DA:276,0
DA:277,0
DA:279,0
DA:280,0
DA:281,0
DA:282,0
DA:283,0
DA:284,0
DA:285,0
DA:286,0
DA:287,0
DA:288,0
DA:289,0
DA:290,0
DA:291,0
DA:292,0
DA:293,0
DA:294,0
DA:295,0
DA:296,0
DA:297,0
DA:298,0
DA:299,0
DA:300,0
DA:302,0
DA:304,0
DA:305,0
DA:306,0
DA:308,0
DA:309,0
DA:311,0
DA:312,0
DA:313,0
DA:315,0
LF:216
LH:174
end_of_record
TN:
SF:C:\Users\zita\Documents\Semester_4\Adpro\GroupProject\json-order-service\src\repositories\implements\order_status_history_repo_impl.rs
FN:12,insert_status_history
FN:46,get_status_history
FNF:2
FNDA:4035225266123964416,insert_status_history
FNDA:864691128455135232,get_status_history
DA:12,4035225266123964416
DA:20,9799832789158199296
DA:21,16140901064495857664
DA:22,16140901064495857664
DA:23,16140901064495857664
DA:24,16140901064495857664
DA:25,16140901064495857664
DA:26,16140901064495857664
DA:27,16140901064495857664
DA:28,12105675798371893248
DA:29,12105675798371893248
DA:31,12105675798371893248
DA:32,16140901064495857664
DA:33,16140901064495857664
DA:34,1729382256910270464
DA:35,16140901064495857664
DA:36,1729382256910270464
DA:37,1729382256910270464
DA:38,8070450532247928832
DA:40,4035225266123964416
DA:42,1729382256910270464
DA:43,4035225266123964416
DA:46,864691128455135232
DA:47,3458764513820540928
DA:48,2594073385365405696
DA:49,2594073385365405696
DA:50,2594073385365405696
DA:51,2594073385365405696
DA:52,2594073385365405696
DA:53,2594073385365405696
DA:54,2161727821137838080
DA:55,2161727821137838080
DA:57,1729382256910270464
DA:58,2594073385365405696
DA:59,1297036692682702848
DA:60,432345564227567616
DA:62,2161727821137838080
DA:63,864691128455135232
DA:64,432345564227567616
DA:66,432345564227567616
LF:40
LH:40
end_of_record
TN:
SF:C:\Users\zita\Documents\Semester_4\Adpro\GroupProject\json-order-service\src\repositories\implements\rating_jastiper_repo_impl.rs
FN:14,find_by_id
FN:37,find_by_order_id
FN:58,find_all_by_jastiper_id
FN:110,create
FNF:4
FNDA:1585267068834414592,find_by_id
FNDA:576460752303423488,find_by_order_id
FNDA:0,find_all_by_jastiper_id
FNDA:648518346341351424,create
DA:14,1585267068834414592
DA:15,5548434740920451072
DA:16,3963167672086036480
DA:17,3963167672086036480
DA:18,3963167672086036480
DA:19,3963167672086036480
DA:20,3963167672086036480
DA:21,3170534137668829184
DA:22,3170534137668829184
DA:24,2377900603251621888
DA:26,3170534137668829184
DA:28,792633534417207296
DA:30,3963167672086036480
DA:31,1585267068834414592
DA:32,792633534417207296
DA:34,792633534417207296
DA:37,576460752303423488
DA:38,2017612633061982208
DA:39,1441151880758558720
DA:40,1441151880758558720
DA:41,1441151880758558720
DA:42,1441151880758558720
DA:43,1441151880758558720
DA:44,1152921504606846976
DA:45,1152921504606846976
DA:47,864691128455135232
DA:48,1441151880758558720
DA:49,288230376151711744
DA:51,1441151880758558720
DA:52,576460752303423488
DA:53,288230376151711744
DA:55,288230376151711744
DA:58,0
DA:63,0
DA:64,0
DA:66,0
DA:67,0
DA:68,0
DA:69,0
DA:70,0
DA:72,0
DA:73,0
DA:74,0
DA:75,0
DA:76,0
DA:77,0
DA:78,0
DA:79,0
DA:81,0
DA:82,0
DA:83,0
DA:84,0
DA:85,0
DA:87,0
DA:88,0
DA:89,0
DA:90,0
DA:91,0
DA:93,0
DA:94,0
DA:95,0
DA:96,0
DA:97,0
DA:99,0
DA:100,0
DA:101,0
DA:104,0
DA:105,0
DA:107,0
DA:110,648518346341351424
DA:116,1297036692682702848
DA:117,1297036692682702848
DA:119,4539628424389459968
DA:120,2594073385365405696
DA:121,2594073385365405696
DA:122,2594073385365405696
DA:123,2594073385365405696
DA:124,2594073385365405696
DA:125,2594073385365405696
DA:126,1945555039024054272
DA:127,1945555039024054272
DA:129,1945555039024054272
DA:130,2594073385365405696
DA:131,2594073385365405696
DA:132,2594073385365405696
DA:133,2594073385365405696
DA:134,3891110078048108544
DA:135,1297036692682702848
DA:137,648518346341351424
DA:139,3242591731706757120
DA:141,1945555039024054272
DA:142,648518346341351424
DA:143,1297036692682702848
LF:93
LH:56
end_of_record
TN:
SF:C:\Users\zita\Documents\Semester_4\Adpro\GroupProject\json-order-service\src\repositories\implements\rating_product_repo_impl.rs
FN:12,find_by_id
FN:34,find_by_order_id
FN:56,find_all_by_product_id
FN:109,create
FNF:4
FNDA:1441151880758558720,find_by_id
FNDA:432345564227567616,find_by_order_id
FNDA:0,find_all_by_product_id
FNDA:576460752303423488,create
DA:12,1441151880758558720
DA:13,5044031582654955520
DA:14,3602879701896396800
DA:15,3602879701896396800
DA:16,3602879701896396800
DA:17,3602879701896396800
DA:18,3602879701896396800
DA:19,3602879701896396800
DA:20,2882303761517117440
DA:21,2882303761517117440
DA:23,2161727821137838080
DA:24,3602879701896396800
DA:25,720575940379279360
DA:27,3602879701896396800
DA:28,1441151880758558720
DA:29,720575940379279360
DA:31,720575940379279360
DA:34,432345564227567616
DA:35,1513209474796486656
DA:36,1080863910568919040
DA:37,1080863910568919040
DA:38,1080863910568919040
DA:39,1080863910568919040
DA:40,1080863910568919040
DA:41,1080863910568919040
DA:42,864691128455135232
DA:43,864691128455135232
DA:45,648518346341351424
DA:46,1080863910568919040
DA:47,216172782113783808
DA:49,1080863910568919040
DA:50,432345564227567616
DA:51,216172782113783808
DA:53,216172782113783808
DA:56,0
DA:61,0
DA:62,0
DA:64,0
DA:65,0
DA:66,0
DA:67,0
DA:68,0
DA:70,0
DA:71,0
DA:72,0
DA:73,0
DA:74,0
DA:75,0
DA:76,0
DA:77,0
DA:78,0
DA:80,0
DA:81,0
DA:82,0
DA:83,0
DA:84,0
DA:86,0
DA:87,0
DA:88,0
DA:89,0
DA:90,0
DA:92,0
DA:93,0
DA:94,0
DA:95,0
DA:96,0
DA:98,0
DA:99,0
DA:100,0
DA:103,0
DA:104,0
DA:106,0
DA:109,576460752303423488
DA:115,1152921504606846976
DA:116,1152921504606846976
DA:117,2305843009213693952
DA:119,2882303761517117440
DA:120,1152921504606846976
DA:121,1152921504606846976
DA:122,1152921504606846976
DA:123,1152921504606846976
DA:124,1152921504606846976
DA:125,1152921504606846976
DA:126,1152921504606846976
DA:127,576460752303423488
DA:128,576460752303423488
DA:130,576460752303423488
DA:131,1152921504606846976
DA:132,1152921504606846976
DA:133,1152921504606846976
DA:134,1152921504606846976
DA:135,2305843009213693952
DA:136,1152921504606846976
DA:138,576460752303423488
DA:139,576460752303423488
DA:140,1441151880758558720
DA:141,576460752303423488
DA:142,1152921504606846976
DA:144,1152921504606846976
DA:146,1152921504606846976
DA:148,2882303761517117440
DA:150,1729382256910270464
DA:151,576460752303423488
DA:152,1152921504606846976
LF:104
LH:66
end_of_record
TN:
SF:C:\Users\zita\Documents\Semester_4\Adpro\GroupProject\json-order-service\src\routes.rs
FN:7,create_app
FNF:1
FNDA:7854277750134145024,create_app
DA:7,7854277750134145024
DA:8,15708555500268290048
DA:10,5116089176692883456
DA:11,5116089176692883456
DA:14,7854277750134145024
DA:18,7854277750134145024
DA:22,7854277750134145024
DA:26,7854277750134145024
DA:30,7854277750134145024
DA:34,7854277750134145024
DA:36,5116089176692883456
DA:37,5116089176692883456
DA:41,7854277750134145024
DA:45,7854277750134145024
DA:49,7854277750134145024
DA:53,7854277750134145024
DA:57,7854277750134145024
DA:61,7854277750134145024
DA:66,7854277750134145024
DA:70,7854277750134145024
DA:74,7854277750134145024
DA:77,5116089176692883456
DA:78,5116089176692883456
DA:81,7854277750134145024
DA:83,5116089176692883456
DA:85,5116089176692883456
LF:26
LH:26
end_of_record
TN:
SF:C:\Users\zita\Documents\Semester_4\Adpro\GroupProject\json-order-service\src\services\adapters\auth_client_adapt.rs
FN:18,<impl AuthClient for HttpAuthClient>::send_jastiper_rating
FNF:1
FNDA:0,<impl AuthClient for HttpAuthClient>::send_jastiper_rating
DA:18,0
LF:1
LH:0
end_of_record
TN:
SF:C:\Users\zita\Documents\Semester_4\Adpro\GroupProject\json-order-service\src\services\adapters\inventory_client_adapt.rs
FNF:0
DA:32,72057594037927936
DA:44,0
LF:2
LH:1
end_of_record
TN:
SF:C:\Users\zita\Documents\Semester_4\Adpro\GroupProject\json-order-service\src\services\adapters\wallet_client_adapt.rs
FNF:0
DA:35,72057594037927936
LF:1
LH:1
end_of_record
TN:
SF:C:\Users\zita\Documents\Semester_4\Adpro\GroupProject\json-order-service\src\services\admin.rs
FN:13,get_all
FN:44,get_order
FN:80,force_cancel
FNF:3
FNDA:576460752303423488,get_all
FNDA:504403158265495552,get_order
FNDA:504403158265495552,force_cancel
DA:13,576460752303423488
DA:19,576460752303423488
DA:24,576460752303423488
DA:25,288230376151711744
DA:29,288230376151711744
DA:30,288230376151711744
DA:34,576460752303423488
DA:35,1441151880758558720
DA:36,72057594037927936
DA:37,72057594037927936
DA:40,216172782113783808
DA:41,216172782113783808
DA:44,504403158265495552
DA:49,504403158265495552
DA:51,504403158265495552
DA:52,216172782113783808
DA:56,216172782113783808
DA:57,216172782113783808
DA:61,648518346341351424
DA:62,288230376151711744
DA:63,288230376151711744
DA:64,360287970189639680
DA:65,72057594037927936
DA:66,72057594037927936
DA:68,360287970189639680
DA:69,144115188075855872
DA:70,144115188075855872
DA:73,72057594037927936
DA:77,72057594037927936
DA:80,504403158265495552
DA:89,504403158265495552
DA:94,504403158265495552
DA:95,216172782113783808
DA:99,216172782113783808
DA:100,216172782113783808
DA:105,576460752303423488
DA:106,576460752303423488
DA:107,576460752303423488
DA:108,576460752303423488
DA:109,288230376151711744
DA:110,576460752303423488
DA:111,576460752303423488
DA:112,576460752303423488
DA:113,576460752303423488
DA:114,288230376151711744
DA:117,288230376151711744
DA:118,360287970189639680
DA:119,72057594037927936
DA:120,72057594037927936
DA:122,216172782113783808
DA:126,1080863910568919040
DA:127,432345564227567616
DA:128,216172782113783808
DA:132,432345564227567616
DA:133,648518346341351424
DA:134,216172782113783808
DA:136,432345564227567616
DA:137,216172782113783808
DA:141,432345564227567616
DA:142,864691128455135232
DA:143,216172782113783808
DA:145,216172782113783808
LF:62
LH:62
end_of_record
TN:
SF:C:\Users\zita\Documents\Semester_4\Adpro\GroupProject\json-order-service\src\services\http_client.rs
FN:3,service_key
FN:7,internal_post
FN:24,internal_get
FNF:3
FNDA:4899916394579099652,service_key
FNDA:4323455642275676160,internal_post
FNDA:576460752303423488,internal_get
DA:3,4899916394579099652
DA:4,14699749183737298956
DA:7,4323455642275676160
DA:11,12754194144713244672
DA:12,12970366926827028480
DA:13,12970366926827028480
DA:14,12970366926827028480
DA:16,4323455642275676160
DA:17,4539628424389459968
DA:19,12321848580485677056
DA:20,1729382256910270464
DA:21,3746994889972252672
DA:24,576460752303423488
DA:28,1585267068834414592
DA:29,1729382256910270464
DA:30,1729382256910270464
DA:31,1729382256910270464
DA:33,576460752303423488
DA:34,720575940379279360
DA:36,1297036692682702848
DA:37,2089670227099910144
DA:39,360287970189639680
LF:22
LH:22
end_of_record
TN:
SF:C:\Users\zita\Documents\Semester_4\Adpro\GroupProject\json-order-service\src\services\implements\auth_client_impl.rs
FN:7,user_url
FN:14,send_jastiper_rating
FNF:2
FNDA:864691128455135232,user_url
FNDA:864691128455135232,send_jastiper_rating
DA:7,864691128455135232
DA:8,864691128455135232
DA:9,1729382256910270464
DA:10,864691128455135232
DA:11,864691128455135232
DA:14,864691128455135232
DA:20,2594073385365405696
DA:22,1729382256910270464
DA:23,864691128455135232
DA:24,864691128455135232
DA:27,864691128455135232
DA:28,864691128455135232
DA:33,3458764513820540928
DA:35,576460752303423488
DA:37,576460752303423488
DA:39,360287970189639680
DA:43,360287970189639680
DA:46,72057594037927936
DA:50,72057594037927936
DA:53,72057594037927936
DA:57,72057594037927936
DA:59,72057594037927936
DA:60,72057594037927936
DA:64,72057594037927936
LF:24
LH:24
end_of_record
TN:
SF:C:\Users\zita\Documents\Semester_4\Adpro\GroupProject\json-order-service\src\services\implements\inventory_client_impl.rs
FN:8,inventory_url
FN:20,manage_stock
FN:87,reserve_stock
FN:99,release_stock
FN:111,fetch_product
FN:159,send_product_rating
FN:219,confirm_order_received
FNF:7
FNDA:2161727821137838080,inventory_url
FNDA:504403158265495552,manage_stock
FNDA:360287970189639680,reserve_stock
FNDA:144115188075855872,release_stock
FNDA:1008806316530991104,fetch_product
FNDA:720575940379279360,send_product_rating
FNDA:432345564227567616,confirm_order_received
DA:8,2161727821137838080
DA:9,4323455642275676160
DA:10,2161727821137838080
DA:11,2161727821137838080
DA:12,2161727821137838080
DA:20,504403158265495552
DA:26,1008806316530991104
DA:27,360287970189639680
DA:28,144115188075855872
DA:31,504403158265495552
DA:36,1008806316530991104
DA:38,504403158265495552
DA:43,504403158265495552
DA:44,2522015791327477760
DA:46,504403158265495552
DA:48,216172782113783808
DA:52,216172782113783808
DA:55,72057594037927936
DA:59,72057594037927936
DA:62,72057594037927936
DA:66,72057594037927936
DA:69,72057594037927936
DA:73,72057594037927936
DA:74,72057594037927936
DA:77,72057594037927936
DA:78,72057594037927936
DA:82,72057594037927936
DA:87,360287970189639680
DA:92,360287970189639680
DA:96,1801439850948198400
DA:99,144115188075855872
DA:104,144115188075855872
DA:108,720575940379279360
DA:111,1008806316530991104
DA:112,1513209474796486656
DA:114,504403158265495552
DA:116,3026418949592973312
DA:117,72057594037927936
DA:118,72057594037927936
DA:121,1297036692682702848
DA:122,432345564227567616
DA:124,432345564227567616
DA:126,1008806316530991104
DA:127,72057594037927936
DA:128,72057594037927936
DA:130,144115188075855872
DA:131,144115188075855872
DA:134,72057594037927936
DA:138,72057594037927936
DA:141,72057594037927936
DA:145,72057594037927936
DA:146,72057594037927936
DA:149,72057594037927936
DA:150,72057594037927936
DA:154,72057594037927936
DA:159,720575940379279360
DA:166,720575940379279360
DA:171,1441151880758558720
DA:173,720575940379279360
DA:177,1441151880758558720
DA:178,720575940379279360
DA:179,720575940379279360
DA:180,720575940379279360
DA:181,720575940379279360
DA:182,720575940379279360
DA:185,2882303761517117440
DA:187,648518346341351424
DA:189,288230376151711744
DA:193,288230376151711744
DA:196,72057594037927936
DA:200,72057594037927936
DA:203,72057594037927936
DA:207,72057594037927936
DA:209,216172782113783808
DA:210,216172782113783808
DA:214,216172782113783808
DA:219,432345564227567616
DA:223,432345564227567616
DA:228,864691128455135232
DA:230,432345564227567616
DA:234,864691128455135232
DA:235,432345564227567616
DA:236,432345564227567616
DA:239,1729382256910270464
DA:241,432345564227567616
DA:243,72057594037927936
DA:244,72057594037927936
DA:247,72057594037927936
DA:251,72057594037927936
DA:254,144115188075855872
DA:258,144115188075855872
DA:260,144115188075855872
DA:261,144115188075855872
DA:265,144115188075855872
LF:94
LH:94
end_of_record
TN:
SF:C:\Users\zita\Documents\Semester_4\Adpro\GroupProject\json-order-service\src\services\implements\wallet_client_impl.rs
FN:8,wallet_url
FN:20,manage_wallet
FN:99,deduct_wallet
FN:114,refund_wallet
FN:129,check_wallet
FN:176,earnings_wallet
FN:227,reverse_earnings
FNF:7
FNDA:1945555039024054272,wallet_url
FNDA:720575940379279360,manage_wallet
FNDA:432345564227567616,deduct_wallet
FNDA:288230376151711744,refund_wallet
FNDA:720575940379279360,check_wallet
FNDA:432345564227567616,earnings_wallet
FNDA:432345564227567616,reverse_earnings
DA:8,1945555039024054272
DA:9,1945555039024054272
DA:10,3891110078048108544
DA:11,1945555039024054272
DA:12,1945555039024054272
DA:20,720575940379279360
DA:27,1441151880758558720
DA:28,432345564227567616
DA:29,288230376151711744
DA:32,2161727821137838080
DA:33,1441151880758558720
DA:34,720575940379279360
DA:35,720575940379279360
DA:36,720575940379279360
DA:37,720575940379279360
DA:40,3602879701896396800
DA:42,720575940379279360
DA:44,720575940379279360
DA:45,144115188075855872
DA:49,144115188075855872
DA:52,72057594037927936
DA:53,72057594037927936
DA:56,360287970189639680
DA:57,72057594037927936
DA:58,72057594037927936
DA:61,72057594037927936
DA:65,72057594037927936
DA:66,72057594037927936
DA:69,72057594037927936
DA:70,72057594037927936
DA:74,72057594037927936
DA:77,720575940379279360
DA:78,144115188075855872
DA:82,144115188075855872
DA:85,360287970189639680
DA:86,72057594037927936
DA:87,72057594037927936
DA:89,72057594037927936
DA:90,72057594037927936
DA:94,72057594037927936
DA:99,432345564227567616
DA:105,432345564227567616
DA:109,216172782113783808
DA:110,2810246167479189504
DA:111,216172782113783808
DA:114,288230376151711744
DA:120,288230376151711744
DA:124,216172782113783808
DA:125,1801439850948198400
DA:126,216172782113783808
DA:129,720575940379279360
DA:130,360287970189639680
DA:132,1080863910568919040
DA:133,720575940379279360
DA:134,360287970189639680
DA:135,360287970189639680
DA:138,1801439850948198400
DA:140,360287970189639680
DA:142,864691128455135232
DA:143,216172782113783808
DA:144,144115188075855872
DA:148,144115188075855872
DA:150,72057594037927936
DA:154,72057594037927936
DA:155,72057594037927936
DA:160,72057594037927936
DA:164,72057594037927936
DA:167,72057594037927936
DA:171,72057594037927936
DA:176,432345564227567616
DA:181,1297036692682702848
DA:182,864691128455135232
DA:183,432345564227567616
DA:184,432345564227567616
DA:185,432345564227567616
DA:188,2161727821137838080
DA:190,432345564227567616
DA:191,216172782113783808
DA:192,216172782113783808
DA:193,720575940379279360
DA:194,144115188075855872
DA:198,144115188075855872
DA:201,72057594037927936
DA:205,72057594037927936
DA:206,72057594037927936
DA:211,72057594037927936
DA:212,72057594037927936
DA:213,72057594037927936
DA:217,360287970189639680
DA:218,72057594037927936
DA:221,72057594037927936
DA:222,72057594037927936
DA:227,432345564227567616
DA:233,432345564227567616
DA:238,1297036692682702848
DA:239,864691128455135232
DA:240,432345564227567616
DA:241,432345564227567616
DA:242,432345564227567616
DA:243,432345564227567616
DA:246,2161727821137838080
DA:248,432345564227567616
DA:250,144115188075855872
DA:254,144115188075855872
DA:257,72057594037927936
DA:261,72057594037927936
DA:262,72057594037927936
DA:266,72057594037927936
DA:270,72057594037927936
DA:273,72057594037927936
DA:277,72057594037927936
DA:278,72057594037927936
DA:281,72057594037927936
DA:282,72057594037927936
DA:286,72057594037927936
LF:115
LH:115
end_of_record
TN:
SF:C:\Users\zita\Documents\Semester_4\Adpro\GroupProject\json-order-service\src\services\order.rs
FN:30,checkout
FN:119,get_order
FN:159,update_status
FN:244,cancel_status
FN:297,payment
FN:352,confirm_order
FN:417,purchased
FN:445,shipped
FN:474,get_order_history
FN:500,cancel_order
FN:572,my_purchases
FN:603,my_sales
FNF:12
FNDA:792633534417207296,checkout
FNDA:1152921504606846976,get_order
FNDA:1729382256910270464,update_status
FNDA:576460752303423488,cancel_status
FNDA:504403158265495552,payment
FNDA:576460752303423488,confirm_order
FNDA:288230376151711744,purchased
FNDA:288230376151711744,shipped
FNDA:432345564227567616,get_order_history
FNDA:648518346341351424,cancel_order
FNDA:288230376151711744,my_purchases
FNDA:288230376151711744,my_sales
DA:30,792633534417207296
DA:37,792633534417207296
DA:43,2233785415175766016
DA:44,792633534417207296
DA:45,792633534417207296
DA:46,936748722493063168
DA:47,144115188075855872
DA:48,144115188075855872
DA:51,3098476543630901248
DA:52,720575940379279360
DA:54,576460752303423488
DA:55,72057594037927936
DA:56,72057594037927936
DA:61,2017612633061982208
DA:62,2017612633061982208
DA:63,1008806316530991104
DA:66,1008806316530991104
DA:67,504403158265495552
DA:68,1008806316530991104
DA:69,1008806316530991104
DA:70,1008806316530991104
DA:71,1008806316530991104
DA:72,1008806316530991104
DA:73,504403158265495552
DA:74,504403158265495552
DA:78,1441151880758558720
DA:80,1008806316530991104
DA:81,1008806316530991104
DA:82,1513209474796486656
DA:83,1008806316530991104
DA:84,504403158265495552
DA:85,1008806316530991104
DA:86,504403158265495552
DA:87,504403158265495552
DA:90,504403158265495552
DA:91,576460752303423488
DA:92,72057594037927936
DA:93,72057594037927936
DA:98,864691128455135232
DA:103,432345564227567616
DA:106,864691128455135232
DA:107,432345564227567616
DA:108,432345564227567616
DA:109,576460752303423488
DA:110,144115188075855872
DA:111,144115188075855872
DA:114,288230376151711744
DA:115,288230376151711744
DA:119,1152921504606846976
DA:124,1152921504606846976
DA:129,3098476543630901248
DA:130,1152921504606846976
DA:131,1152921504606846976
DA:132,1224979098644774912
DA:133,72057594037927936
DA:134,72057594037927936
DA:136,1369094286720630784
DA:137,288230376151711744
DA:138,288230376151711744
DA:141,1152921504606846976
DA:142,288230376151711744
DA:146,288230376151711744
DA:147,288230376151711744
DA:151,504403158265495552
DA:155,504403158265495552
DA:159,1729382256910270464
DA:166,1729382256910270464
DA:171,5044031582654955520
DA:172,1729382256910270464
DA:173,1729382256910270464
DA:174,1801439850948198400
DA:175,72057594037927936
DA:176,72057594037927936
DA:178,1729382256910270464
DA:179,72057594037927936
DA:180,72057594037927936
DA:183,1585267068834414592
DA:185,3170534137668829184
DA:187,720575940379279360
DA:189,216172782113783808
DA:190,216172782113783808
DA:193,144115188075855872
DA:194,72057594037927936
DA:195,72057594037927936
DA:198,1297036692682702848
DA:201,1297036692682702848
DA:202,864691128455135232
DA:203,216172782113783808
DA:204,216172782113783808
DA:207,432345564227567616
DA:208,72057594037927936
DA:209,72057594037927936
DA:214,3026418949592973312
DA:215,5044031582654955520
DA:217,2954361355555045376
DA:219,2017612633061982208
DA:220,2017612633061982208
DA:221,1008806316530991104
DA:222,2017612633061982208
DA:223,2017612633061982208
DA:224,3026418949592973312
DA:225,3026418949592973312
DA:226,3026418949592973312
DA:227,1008806316530991104
DA:230,1008806316530991104
DA:231,1080863910568919040
DA:232,72057594037927936
DA:233,72057594037927936
DA:236,936748722493063168
DA:240,936748722493063168
DA:244,576460752303423488
DA:251,1513209474796486656
DA:252,576460752303423488
DA:253,576460752303423488
DA:254,648518346341351424
DA:255,72057594037927936
DA:256,72057594037927936
DA:258,648518346341351424
DA:259,144115188075855872
DA:260,144115188075855872
DA:263,360287970189639680
DA:265,1080863910568919040
DA:266,1441151880758558720
DA:268,360287970189639680
DA:270,1008806316530991104
DA:272,720575940379279360
DA:273,720575940379279360
DA:274,360287970189639680
DA:275,720575940379279360
DA:276,720575940379279360
DA:277,1080863910568919040
DA:278,1080863910568919040
DA:279,1080863910568919040
DA:280,360287970189639680
DA:283,360287970189639680
DA:284,432345564227567616
DA:285,72057594037927936
DA:286,72057594037927936
DA:289,288230376151711744
DA:293,288230376151711744
DA:297,504403158265495552
DA:303,504403158265495552
DA:309,1441151880758558720
DA:310,504403158265495552
DA:311,504403158265495552
DA:312,720575940379279360
DA:314,432345564227567616
DA:315,72057594037927936
DA:318,360287970189639680
DA:319,144115188075855872
DA:320,144115188075855872
DA:321,144115188075855872
DA:329,432345564227567616
DA:334,432345564227567616
DA:335,432345564227567616
DA:336,216172782113783808
DA:338,432345564227567616
DA:339,216172782113783808
DA:342,720575940379279360
DA:344,288230376151711744
DA:345,144115188075855872
DA:347,144115188075855872
DA:348,144115188075855872
DA:352,576460752303423488
DA:359,576460752303423488
DA:365,1585267068834414592
DA:366,576460752303423488
DA:367,576460752303423488
DA:368,648518346341351424
DA:369,72057594037927936
DA:370,72057594037927936
DA:372,720575940379279360
DA:373,432345564227567616
DA:374,144115188075855872
DA:375,144115188075855872
DA:378,288230376151711744
DA:379,72057594037927936
DA:380,72057594037927936
DA:381,72057594037927936
DA:388,432345564227567616
DA:390,432345564227567616
DA:391,432345564227567616
DA:396,432345564227567616
DA:397,432345564227567616
DA:398,216172782113783808
DA:400,432345564227567616
DA:401,216172782113783808
DA:403,432345564227567616
DA:404,216172782113783808
DA:407,648518346341351424
DA:409,432345564227567616
DA:410,216172782113783808
DA:412,216172782113783808
DA:413,216172782113783808
DA:417,288230376151711744
DA:423,576460752303423488
DA:424,576460752303423488
DA:425,576460752303423488
DA:426,576460752303423488
DA:427,288230376151711744
DA:428,576460752303423488
DA:429,576460752303423488
DA:430,576460752303423488
DA:431,288230376151711744
DA:432,288230376151711744
DA:435,288230376151711744
DA:436,432345564227567616
DA:437,144115188075855872
DA:438,144115188075855872
DA:441,144115188075855872
DA:445,288230376151711744
DA:452,576460752303423488
DA:453,576460752303423488
DA:454,576460752303423488
DA:455,576460752303423488
DA:456,288230376151711744
DA:457,576460752303423488
DA:458,576460752303423488
DA:459,576460752303423488
DA:460,288230376151711744
DA:461,288230376151711744
DA:464,288230376151711744
DA:465,432345564227567616
DA:466,144115188075855872
DA:467,144115188075855872
DA:470,144115188075855872
DA:474,432345564227567616
DA:480,432345564227567616
DA:485,1945555039024054272
DA:487,576460752303423488
DA:488,216172782113783808
DA:489,216172782113783808
DA:490,288230376151711744
DA:491,72057594037927936
DA:492,72057594037927936
DA:495,144115188075855872
DA:496,144115188075855872
DA:500,648518346341351424
DA:509,648518346341351424
DA:515,1873497444986126336
DA:516,648518346341351424
DA:517,648518346341351424
DA:518,864691128455135232
DA:520,72057594037927936
DA:521,144115188075855872
DA:522,72057594037927936
DA:524,360287970189639680
DA:525,72057594037927936
DA:526,72057594037927936
DA:529,432345564227567616
DA:532,2161727821137838080
DA:533,864691128455135232
DA:539,1297036692682702848
DA:541,864691128455135232
DA:542,864691128455135232
DA:543,864691128455135232
DA:544,864691128455135232
DA:545,432345564227567616
DA:551,864691128455135232
DA:552,864691128455135232
DA:553,432345564227567616
DA:555,864691128455135232
DA:556,432345564227567616
DA:558,864691128455135232
DA:559,432345564227567616
DA:562,1369094286720630784
DA:564,720575940379279360
DA:565,360287970189639680
DA:567,360287970189639680
DA:568,360287970189639680
DA:572,288230376151711744
DA:577,288230376151711744
DA:583,576460752303423488
DA:584,576460752303423488
DA:585,576460752303423488
DA:586,288230376151711744
DA:589,576460752303423488
DA:591,792633534417207296
DA:592,576460752303423488
DA:593,288230376151711744
DA:594,360287970189639680
DA:595,72057594037927936
DA:596,72057594037927936
DA:599,216172782113783808
DA:600,216172782113783808
DA:603,288230376151711744
DA:608,288230376151711744
DA:614,576460752303423488
DA:615,576460752303423488
DA:616,576460752303423488
DA:617,288230376151711744
DA:620,576460752303423488
DA:622,720575940379279360
DA:623,576460752303423488
DA:624,288230376151711744
DA:625,432345564227567616
DA:626,144115188075855872
DA:627,144115188075855872
DA:630,144115188075855872
DA:631,144115188075855872
LF:300
LH:300
end_of_record
TN:
SF:C:\Users\zita\Documents\Semester_4\Adpro\GroupProject\json-order-service\src\services\order_internal.rs
FN:15,get_order_internal
FN:25,payment_confirmed
FN:76,refund_confirmed
FNF:3
FNDA:360287970189639680,get_order_internal
FNDA:720575940379279360,payment_confirmed
FNDA:1008806316530991104,refund_confirmed
DA:15,360287970189639680
DA:19,720575940379279360
DA:20,360287970189639680
DA:21,360287970189639680
DA:22,648518346341351424
DA:25,720575940379279360
DA:30,2017612633061982208
DA:31,720575940379279360
DA:32,720575940379279360
DA:33,1152921504606846976
DA:35,576460752303423488
DA:36,144115188075855872
DA:39,432345564227567616
DA:40,144115188075855872
DA:41,144115188075855872
DA:42,144115188075855872
DA:46,288230376151711744
DA:47,144115188075855872
DA:48,144115188075855872
DA:49,144115188075855872
DA:53,144115188075855872
DA:59,288230376151711744
DA:60,288230376151711744
DA:61,288230376151711744
DA:62,288230376151711744
DA:63,144115188075855872
DA:64,288230376151711744
DA:65,288230376151711744
DA:66,288230376151711744
DA:67,144115188075855872
DA:68,144115188075855872
DA:71,144115188075855872
DA:73,144115188075855872
DA:76,1008806316530991104
DA:81,2882303761517117440
DA:82,1008806316530991104
DA:83,1008806316530991104
DA:84,1441151880758558720
DA:86,864691128455135232
DA:87,144115188075855872
DA:90,864691128455135232
DA:91,144115188075855872
DA:92,144115188075855872
DA:93,144115188075855872
DA:97,936748722493063168
DA:98,144115188075855872
DA:99,144115188075855872
DA:100,144115188075855872
DA:104,1297036692682702848
DA:105,216172782113783808
DA:110,432345564227567616
DA:111,216172782113783808
DA:114,216172782113783808
DA:119,216172782113783808
DA:120,216172782113783808
DA:121,360287970189639680
DA:125,864691128455135232
DA:126,432345564227567616
DA:132,864691128455135232
DA:133,864691128455135232
DA:134,864691128455135232
DA:135,864691128455135232
DA:136,432345564227567616
DA:137,864691128455135232
DA:138,1297036692682702848
DA:139,864691128455135232
DA:140,432345564227567616
DA:141,432345564227567616
DA:144,432345564227567616
DA:146,432345564227567616
LF:70
LH:70
end_of_record
TN:
SF:C:\Users\zita\Documents\Semester_4\Adpro\GroupProject\json-order-service\src\services\rating_jastiper.rs
FN:14,submit_rating_jastiper
FN:114,get_rating
FN:152,get_ratings_by_jastiper
FNF:3
FNDA:1224979098644774912,submit_rating_jastiper
FNDA:792633534417207296,get_rating
FNDA:288230376151711744,get_ratings_by_jastiper
DA:14,1224979098644774912
DA:21,1224979098644774912
DA:26,3819052484010180608
DA:27,144115188075855872
DA:28,144115188075855872
DA:31,3026418949592973312
DA:32,1080863910568919040
DA:33,1080863910568919040
DA:34,1152921504606846976
DA:35,72057594037927936
DA:36,72057594037927936
DA:38,1152921504606846976
DA:39,144115188075855872
DA:43,144115188075855872
DA:46,864691128455135232
DA:47,144115188075855872
DA:48,144115188075855872
DA:49,144115188075855872
DA:53,720575940379279360
DA:54,144115188075855872
DA:58,144115188075855872
DA:59,144115188075855872
DA:63,1152921504606846976
DA:64,576460752303423488
DA:65,576460752303423488
DA:68,144115188075855872
DA:72,144115188075855872
DA:73,144115188075855872
DA:77,432345564227567616
DA:78,1224979098644774912
DA:79,1297036692682702848
DA:80,432345564227567616
DA:81,504403158265495552
DA:82,72057594037927936
DA:83,72057594037927936
DA:86,360287970189639680
DA:91,360287970189639680
DA:96,360287970189639680
DA:97,360287970189639680
DA:98,360287970189639680
DA:99,720575940379279360
DA:101,360287970189639680
DA:103,216172782113783808
DA:108,144115188075855872
DA:111,360287970189639680
DA:114,792633534417207296
DA:120,792633534417207296
DA:125,2161727821137838080
DA:126,792633534417207296
DA:127,792633534417207296
DA:128,1441151880758558720
DA:130,864691128455135232
DA:131,144115188075855872
DA:135,144115188075855872
DA:136,144115188075855872
DA:140,864691128455135232
DA:141,432345564227567616
DA:142,432345564227567616
DA:143,576460752303423488
DA:144,144115188075855872
DA:148,144115188075855872
DA:152,288230376151711744
DA:157,288230376151711744
DA:162,1152921504606846976
DA:163,576460752303423488
DA:164,288230376151711744
DA:166,864691128455135232
DA:167,144115188075855872
DA:169,720575940379279360
DA:170,288230376151711744
DA:173,288230376151711744
DA:178,576460752303423488
LF:72
LH:72
end_of_record
TN:
SF:C:\Users\zita\Documents\Semester_4\Adpro\GroupProject\json-order-service\src\services\rating_product.rs
FN:14,submit_rating
FN:120,get_rating
FN:158,get_ratings_by_product
FNF:3
FNDA:1297036692682702848,submit_rating
FNDA:792633534417207296,get_rating
FNDA:288230376151711744,get_ratings_by_product
DA:14,1297036692682702848
DA:21,1297036692682702848
DA:26,4107282860161892352
DA:27,216172782113783808
DA:28,216172782113783808
DA:31,3026418949592973312
DA:32,1080863910568919040
DA:33,1080863910568919040
DA:34,1152921504606846976
DA:35,72057594037927936
DA:36,72057594037927936
DA:38,1152921504606846976
DA:39,144115188075855872
DA:43,144115188075855872
DA:46,864691128455135232
DA:47,144115188075855872
DA:48,144115188075855872
DA:49,144115188075855872
DA:53,720575940379279360
DA:54,144115188075855872
DA:58,144115188075855872
DA:59,144115188075855872
DA:63,1152921504606846976
DA:64,576460752303423488
DA:65,576460752303423488
DA:68,144115188075855872
DA:72,144115188075855872
DA:73,144115188075855872
DA:77,432345564227567616
DA:78,1224979098644774912
DA:79,1297036692682702848
DA:80,432345564227567616
DA:81,504403158265495552
DA:82,72057594037927936
DA:83,72057594037927936
DA:86,360287970189639680
DA:91,1801439850948198400
DA:92,720575940379279360
DA:94,1441151880758558720
DA:96,360287970189639680
DA:101,360287970189639680
DA:102,360287970189639680
DA:103,360287970189639680
DA:104,720575940379279360
DA:105,1224979098644774912
DA:107,360287970189639680
DA:109,72057594037927936
DA:114,288230376151711744
DA:117,360287970189639680
DA:120,792633534417207296
DA:126,792633534417207296
DA:131,2161727821137838080
DA:132,792633534417207296
DA:133,792633534417207296
DA:134,1441151880758558720
DA:136,864691128455135232
DA:137,144115188075855872
DA:141,144115188075855872
DA:142,144115188075855872
DA:146,864691128455135232
DA:147,432345564227567616
DA:148,432345564227567616
DA:149,576460752303423488
DA:150,144115188075855872
DA:154,144115188075855872
DA:158,288230376151711744
DA:163,288230376151711744
DA:168,1152921504606846976
DA:169,576460752303423488
DA:170,288230376151711744
DA:172,864691128455135232
DA:173,144115188075855872
DA:175,720575940379279360
DA:176,288230376151711744
DA:179,288230376151711744
DA:184,576460752303423488
LF:76
LH:76
end_of_record
TN:
SF:C:\Users\zita\Documents\Semester_4\Adpro\GroupProject\json-order-service\src\tests\functional\common.rs
FN:16,make_state
FN:40,setup_jwt_secret
FN:47,setup_internal_service_key
FN:54,json_request_no_auth
FNF:4
FNDA:1224979098644774912,make_state
FNDA:1152921504606846976,setup_jwt_secret
FNDA:144115188075855872,setup_internal_service_key
FNDA:0,json_request_no_auth
DA:16,1224979098644774912
DA:27,2449958197289549824
DA:28,2449958197289549824
DA:29,2449958197289549824
DA:30,2449958197289549824
DA:31,2449958197289549824
DA:32,2449958197289549824
DA:33,2449958197289549824
DA:34,2449958197289549824
DA:35,2449958197289549824
DA:36,1224979098644774912
DA:40,1152921504606846976
DA:42,2305843009213693952
DA:43,72057594037927936
DA:47,144115188075855872
DA:49,288230376151711744
DA:50,72057594037927936
DA:54,0
DA:59,0
DA:60,0
DA:61,0
DA:62,0
DA:64,0
LF:23
LH:17
end_of_record
TN:
SF:C:\Users\zita\Documents\Semester_4\Adpro\GroupProject\json-order-service\src\tests\functional\internal_flow_test.rs
FN:17,internal_request
FN:34,make_order
FNF:2
FNDA:144115188075855872,internal_request
FNDA:216172782113783808,make_order
DA:17,144115188075855872
DA:22,792633534417207296
DA:23,144115188075855872
DA:24,288230376151711744
DA:25,144115188075855872
DA:26,288230376151711744
DA:27,288230376151711744
DA:29,288230376151711744
DA:30,432345564227567616
DA:34,216172782113783808
DA:38,432345564227567616
DA:39,432345564227567616
DA:40,432345564227567616
DA:46,432345564227567616
DA:53,432345564227567616
DA:54,216172782113783808
DA:55,216172782113783808
LF:17
LH:17
end_of_record
TN:
SF:C:\Users\zita\Documents\Semester_4\Adpro\GroupProject\json-order-service\src\tests\functional\inventory_client_test.rs
FN:8,set_env
FNF:1
FNDA:648518346341351424,set_env
DA:8,648518346341351424
DA:10,1945555039024054272
DA:11,648518346341351424
LF:3
LH:3
end_of_record
TN:
SF:C:\Users\zita\Documents\Semester_4\Adpro\GroupProject\json-order-service\src\tests\functional\order_flow_test.rs
FN:18,make_order
FNF:1
FNDA:576460752303423488,make_order
DA:18,576460752303423488
DA:22,1152921504606846976
DA:23,1152921504606846976
DA:24,1152921504606846976
DA:30,1152921504606846976
DA:37,1152921504606846976
DA:38,576460752303423488
DA:39,576460752303423488
LF:8
LH:8
end_of_record
TN:
SF:C:\Users\zita\Documents\Semester_4\Adpro\GroupProject\json-order-service\src\tests\functional\rating_flow_test.rs
FN:15,make_order
FN:44,rating_product
FN:60,rating_jastiper
FNF:3
FNDA:144115188075855872,make_order
FNDA:72057594037927936,rating_product
FNDA:72057594037927936,rating_jastiper
DA:15,144115188075855872
DA:23,288230376151711744
DA:24,288230376151711744
DA:25,288230376151711744
DA:31,288230376151711744
DA:38,288230376151711744
DA:39,144115188075855872
DA:40,144115188075855872
DA:44,72057594037927936
DA:50,144115188075855872
DA:52,144115188075855872
DA:54,144115188075855872
DA:55,72057594037927936
DA:56,72057594037927936
DA:60,72057594037927936
DA:66,144115188075855872
DA:68,144115188075855872
DA:70,72057594037927936
DA:71,72057594037927936
LF:19
LH:19
end_of_record
TN:
SF:C:\Users\zita\Documents\Semester_4\Adpro\GroupProject\json-order-service\src\tests\functional\wallet_client_test.rs
FN:8,set_env
FNF:1
FNDA:360287970189639680,set_env
DA:8,360287970189639680
DA:10,1080863910568919040
DA:11,360287970189639680
LF:3
LH:3
end_of_record
TN:
SF:C:\Users\zita\Documents\Semester_4\Adpro\GroupProject\json-order-service\src\tests\integration\idempotency_integration_test.rs
FN:7,insert_order
FNF:1
FNDA:288230376151711744,insert_order
DA:7,288230376151711744
DA:18,432345564227567616
DA:19,432345564227567616
DA:20,432345564227567616
DA:21,432345564227567616
DA:22,576460752303423488
DA:23,576460752303423488
DA:24,288230376151711744
DA:25,144115188075855872
LF:9
LH:9
end_of_record
TN:
SF:C:\Users\zita\Documents\Semester_4\Adpro\GroupProject\json-order-service\src\tests\unit\controller\admin_test.rs
FN:29,setup_jwt_secret
FN:36,make_order
FN:61,default_state
FN:80,cancel_body
FNF:4
FNDA:1224979098644774912,setup_jwt_secret
FNDA:576460752303423492,make_order
FNDA:1224979098644774912,default_state
FNDA:504403158265495552,cancel_body
DA:29,1224979098644774912
DA:30,2449958197289549824
DA:31,72057594037927936
DA:32,72057594037927936
DA:36,576460752303423492
DA:41,1152921504606846984
DA:42,2882303761517117460
DA:48,1152921504606846984
DA:55,1152921504606846984
DA:56,576460752303423492
DA:57,576460752303423492
DA:61,1224979098644774912
DA:67,2449958197289549824
DA:68,2449958197289549824
DA:69,2449958197289549824
DA:70,2449958197289549824
DA:71,2449958197289549824
DA:72,2449958197289549824
DA:73,2449958197289549824
DA:74,2449958197289549824
DA:75,2449958197289549824
DA:76,1224979098644774912
DA:80,504403158265495552
DA:81,1008806316530991104
LF:24
LH:24
end_of_record
TN:
SF:C:\Users\zita\Documents\Semester_4\Adpro\GroupProject\json-order-service\src\tests\unit\controller\helper_test.rs
FN:15,make_test_token
FN:78,TestApp::new
FN:83,TestApp::send
FN:96,json_request
FN:108,json_request_internal
FN:122,json_request_internal_post
FN:142,dummy_mq_pool
FN:152,noop_checkout_publisher
FN:158,noop_idempotency_repo
FNF:9
FNDA:5476377146882523136,make_test_token
FNDA:7854277750134145024,TestApp::new
FNDA:15708555500268290048,TestApp::send
FNDA:5476377146882523136,json_request
FNDA:216172782113783808,json_request_internal
FNDA:936748722493063168,json_request_internal_post
FNDA:7854277750134145024,dummy_mq_pool
FNDA:7782220156096217088,noop_checkout_publisher
FNDA:6629298651489370112,noop_idempotency_repo
DA:15,5476377146882523136
DA:21,10952754293765046272
DA:22,5476377146882523136
DA:24,8935141660703064064
DA:26,10952754293765046272
DA:27,0
DA:28,0
DA:29,10952754293765046272
DA:32,5476377146882523136
DA:33,0
DA:34,0
DA:35,0
DA:36,0
DA:37,0
DA:40,0
DA:41,0
DA:43,0
DA:46,10952754293765046272
DA:47,10952754293765046272
DA:50,16429131440647569408
DA:51,5476377146882523136
DA:52,5476377146882523136
DA:53,5476377146882523136
DA:55,10952754293765046272
DA:57,10952754293765046272
DA:58,16429131440647569408
DA:59,5476377146882523136
DA:60,5476377146882523136
DA:61,5476377146882523136
DA:62,5476377146882523136
DA:66,5476377146882523136
DA:67,5476377146882523136
DA:68,5476377146882523136
DA:78,7854277750134145024
DA:79,12970366926827028480
DA:83,15708555500268290048
DA:84,10232178353385766912
DA:86,5116089176692883456
DA:87,12970366926827028480
DA:88,7854277750134145024
DA:90,10232178353385766912
DA:92,7854277750134145024
DA:96,5476377146882523136
DA:97,11240984669916758016
DA:99,5476377146882523136
DA:100,10952754293765046272
DA:101,10952754293765046272
DA:102,10952754293765046272
DA:104,16429131440647569408
DA:108,216172782113783808
DA:113,216172782113783808
DA:114,432345564227567616
DA:115,432345564227567616
DA:116,432345564227567616
DA:118,432345564227567616
DA:122,936748722493063168
DA:127,1873497444986126336
DA:129,1873497444986126336
DA:130,1873497444986126336
DA:133,2810246167479189504
DA:134,2810246167479189504
DA:136,0
DA:139,3746994889972252672
DA:142,7854277750134145024
DA:144,7854277750134145024
DA:147,7854277750134145024
DA:148,15708555500268290048
DA:152,7782220156096217088
DA:153,15564440312192434176
DA:154,15780613094306217993
DA:155,7782220156096217088
DA:158,6629298651489370112
DA:159,6629298651489370112
LF:73
LH:62
end_of_record
TN:
SF:C:\Users\zita\Documents\Semester_4\Adpro\GroupProject\json-order-service\src\tests\unit\controller\order_test.rs
FN:22,setup_jwt_secret
FN:28,make_order
FN:53,make_checkout_body
FN:72,default_state
FNF:4
FNDA:1801439850948198400,setup_jwt_secret
FNDA:1585267068834414592,make_order
FNDA:288230376151711744,make_checkout_body
FNDA:1801439850948198400,default_state
DA:22,1801439850948198400
DA:24,1801439850948198400
DA:28,1585267068834414592
DA:33,3170534137668829184
DA:34,3170534137668829184
DA:40,3170534137668829184
DA:47,3170534137668829184
DA:48,1585267068834414592
DA:49,1585267068834414592
DA:53,288230376151711744
DA:54,288230376151711744
DA:55,288230376151711744
DA:56,288230376151711744
DA:57,288230376151711744
DA:58,288230376151711744
DA:59,288230376151711744
DA:60,288230376151711744
DA:61,288230376151711744
DA:62,288230376151711744
DA:63,288230376151711744
DA:64,288230376151711744
DA:65,288230376151711744
DA:66,288230376151711744
DA:68,288230376151711744
DA:72,1801439850948198400
DA:79,3602879701896396800
DA:80,3602879701896396800
DA:81,3602879701896396800
DA:82,3602879701896396800
DA:83,3602879701896396800
DA:84,3602879701896396800
DA:85,3602879701896396800
DA:86,3602879701896396800
DA:87,3602879701896396800
DA:88,1801439850948198400
LF:35
LH:35
end_of_record
TN:
SF:C:\Users\zita\Documents\Semester_4\Adpro\GroupProject\json-order-service\src\tests\unit\controller\rating_jastiper_test.rs
FN:26,setup_jwt_secret
FN:32,make_order
FN:57,make_rating_jastiper
FN:68,default_state
FN:86,valid_rating_body
FNF:5
FNDA:1224979098644774912,setup_jwt_secret
FNDA:648518346341351424,make_order
FNDA:360287970189639680,make_rating_jastiper
FNDA:1224979098644774912,default_state
FNDA:360287970189639680,valid_rating_body
DA:26,1224979098644774912
DA:28,1224979098644774912
DA:32,648518346341351424
DA:37,1297036692682702848
DA:38,1297036692682702848
DA:44,1297036692682702848
DA:51,1297036692682702848
DA:52,648518346341351424
DA:53,648518346341351424
DA:57,360287970189639680
DA:59,720575940379279360
DA:63,360287970189639680
DA:64,360287970189639680
DA:68,1224979098644774912
DA:73,2449958197289549824
DA:74,2449958197289549824
DA:75,2449958197289549824
DA:76,2449958197289549824
DA:77,2449958197289549824
DA:78,2449958197289549824
DA:79,2449958197289549824
DA:80,2449958197289549824
DA:81,2449958197289549824
DA:82,1224979098644774912
DA:86,360287970189639680
DA:87,360287970189639680
DA:88,360287970189639680
DA:89,360287970189639680
LF:28
LH:28
end_of_record
TN:
SF:C:\Users\zita\Documents\Semester_4\Adpro\GroupProject\json-order-service\src\tests\unit\controller\rating_product_test.rs
FN:29,setup_jwt_secret
FN:36,make_order
FN:61,make_rating_product
FN:73,default_state
FN:91,valid_rating_body
FNF:5
FNDA:1152921504606846976,setup_jwt_secret
FNDA:576460752303423488,make_order
FNDA:360287970189639680,make_rating_product
FNDA:1152921504606846976,default_state
FNDA:360287970189639680,valid_rating_body
DA:29,1152921504606846976
DA:30,2305843009213693952
DA:31,72057594037927936
DA:32,72057594037927936
DA:36,576460752303423488
DA:41,1152921504606846976
DA:42,2882303761517117440
DA:48,1152921504606846976
DA:55,1152921504606846976
DA:56,576460752303423488
DA:57,576460752303423488
DA:61,360287970189639680
DA:63,720575940379279360
DA:67,720575940379279360
DA:68,360287970189639680
DA:69,360287970189639680
DA:73,1152921504606846976
DA:78,2305843009213693952
DA:79,2305843009213693952
DA:80,2305843009213693952
DA:81,2305843009213693952
DA:82,2305843009213693952
DA:83,2305843009213693952
DA:84,2305843009213693952
DA:85,2305843009213693952
DA:86,2305843009213693952
DA:87,1152921504606846976
DA:91,360287970189639680
DA:92,360287970189639680
DA:93,360287970189639680
DA:94,360287970189639680
DA:95,360287970189639680
LF:32
LH:32
end_of_record
TN:
SF:C:\Users\zita\Documents\Semester_4\Adpro\GroupProject\json-order-service\src\tests\unit\error_test.rs
FN:6,into_parts
FNF:1
FNDA:1729382256910270464,into_parts
DA:6,1729382256910270464
DA:7,2594073385365405696
DA:8,2594073385365405696
DA:9,3458764513820540928
DA:10,864691128455135232
DA:12,5188146770730811392
DA:13,864691128455135232
LF:7
LH:7
end_of_record
TN:
SF:C:\Users\zita\Documents\Semester_4\Adpro\GroupProject\json-order-service\src\tests\unit\infrastructure\publisher_test.rs
FN:11,dummy_pool
FN:20,checkout_request
FNF:2
FNDA:144115188075855872,dummy_pool
FNDA:144115188075855872,checkout_request
DA:11,144115188075855872
DA:13,144115188075855872
DA:16,288230376151711744
DA:20,144115188075855872
DA:21,288230376151711744
DA:24,288230376151711744
DA:25,288230376151711744
DA:26,288230376151711744
DA:42,288230376151711744
LF:9
LH:9
end_of_record
TN:
SF:C:\Users\zita\Documents\Semester_4\Adpro\GroupProject\json-order-service\src\tests\unit\infrastructure\worker_test.rs
FN:19,make_order
FN:44,make_request
FN:83,run_process_checkout_request
FNF:3
FNDA:1152921504606846976,make_order
FNDA:720575940379279360,make_request
FNDA:720575940379279360,run_process_checkout_request
DA:19,1152921504606846976
DA:24,2305843009213693952
DA:25,2305843009213693952
DA:31,2305843009213693952
DA:38,2305843009213693952
DA:39,1152921504606846976
DA:40,1152921504606846976
DA:44,720575940379279360
DA:54,1441151880758558720
DA:70,1441151880758558720
DA:83,720575940379279360
DA:90,2161727821137838080
DA:91,2161727821137838080
DA:92,2161727821137838080
DA:93,2161727821137838080
DA:95,4323455642275676160
LF:16
LH:16
end_of_record
TN:
SF:C:\Users\zita\Documents\Semester_4\Adpro\GroupProject\json-order-service\src\tests\unit\orchestrator\cancel_order_saga_test.rs
FN:22,make_order
FN:47,make_cancel_ctx
FNF:2
FNDA:360287970189639680,make_order
FNDA:1152921504606846976,make_cancel_ctx
DA:22,360287970189639680
DA:27,720575940379279360
DA:28,1801439850948198400
DA:34,720575940379279360
DA:41,720575940379279360
DA:42,360287970189639680
DA:43,360287970189639680
DA:47,1152921504606846976
DA:58,2305843009213693952
DA:63,2305843009213693952
LF:10
LH:10
end_of_record
TN:
SF:C:\Users\zita\Documents\Semester_4\Adpro\GroupProject\json-order-service\src\tests\unit\orchestrator\checkout_saga_test.rs
FN:19,make_order
FN:44,make_create_request
FN:63,make_checkout_ctx
FNF:3
FNDA:144115188075855872,make_order
FNDA:1008806316530991104,make_create_request
FNDA:864691128455135232,make_checkout_ctx
DA:19,144115188075855872
DA:24,288230376151711744
DA:25,288230376151711744
DA:31,288230376151711744
DA:38,288230376151711744
DA:39,144115188075855872
DA:40,144115188075855872
DA:44,1008806316530991104
DA:48,1008806316530991104
DA:63,864691128455135232
DA:64,1729382256910270464
DA:65,1729382256910270464
DA:66,864691128455135232
DA:67,864691128455135232
DA:68,864691128455135232
DA:69,864691128455135232
DA:70,864691128455135232
DA:71,864691128455135232
DA:72,864691128455135232
DA:76,864691128455135232
DA:77,864691128455135232
DA:78,864691128455135232
DA:79,1729382256910270464
DA:80,864691128455135232
LF:24
LH:24
end_of_record
TN:
SF:C:\Users\zita\Documents\Semester_4\Adpro\GroupProject\json-order-service\src\tests\unit\orchestrator\confirm_order_saga_test.rs
FN:22,make_order
FN:47,make_confirm_ctx
FNF:2
FNDA:144115188075855875,make_order
FNDA:864691128455135232,make_confirm_ctx
DA:22,144115188075855875
DA:27,288230376151711750
DA:28,288230376151711750
DA:34,288230376151711750
DA:41,288230376151711750
DA:42,144115188075855875
DA:43,144115188075855875
DA:47,864691128455135232
LF:8
LH:8
end_of_record
TN:
SF:C:\Users\zita\Documents\Semester_4\Adpro\GroupProject\json-order-service\src\tests\unit\orchestrator\payment_saga_test.rs
FN:18,make_order
FN:43,make_payment_ctx
FNF:2
FNDA:144115188075855872,make_order
FNDA:504403158265495552,make_payment_ctx
DA:18,144115188075855872
DA:23,288230376151711744
DA:24,288230376151711744
DA:30,288230376151711744
DA:37,288230376151711744
DA:38,144115188075855872
DA:39,144115188075855872
DA:43,504403158265495552
LF:8
LH:8
end_of_record
TN:
SF:C:\Users\zita\Documents\Semester_4\Adpro\GroupProject\json-order-service\src\tests\unit\orchestrator\saga_orchestrator_test.rs
FN:20,<impl SagaStep for OkStep>::execute
FN:25,<impl SagaStep for OkStep>::compensate
FN:30,<impl SagaStep for OkStep>::name
FN:41,<impl SagaStep for FailStep>::execute
FN:45,<impl SagaStep for FailStep>::compensate
FN:50,<impl SagaStep for FailStep>::name
FN:61,<impl SagaStep for FailCompensateStep>::execute
FN:66,<impl SagaStep for FailCompensateStep>::compensate
FN:70,<impl SagaStep for FailCompensateStep>::name
FNF:9
FNDA:576460752303423488,<impl SagaStep for OkStep>::execute
FNDA:288230376151711744,<impl SagaStep for OkStep>::compensate
FNDA:0,<impl SagaStep for OkStep>::name
FNDA:360287970189639680,<impl SagaStep for FailStep>::execute
FNDA:0,<impl SagaStep for FailStep>::compensate
FNDA:0,<impl SagaStep for FailStep>::name
FNDA:72057594037927936,<impl SagaStep for FailCompensateStep>::execute
FNDA:72057594037927936,<impl SagaStep for FailCompensateStep>::compensate
FNDA:0,<impl SagaStep for FailCompensateStep>::name
DA:20,576460752303423488
DA:25,288230376151711744
DA:30,0
DA:31,0
DA:41,360287970189639680
DA:45,0
DA:50,0
DA:51,0
DA:61,72057594037927936
DA:66,72057594037927936
DA:70,0
DA:71,0
LF:12
LH:5
end_of_record
TN:
SF:C:\Users\zita\Documents\Semester_4\Adpro\GroupProject\json-order-service\src\tests\unit\services\bug_auto_cancel_race.rs
FN:14,make_order
FNF:1
FNDA:144115188075855872,make_order
DA:14,144115188075855872
DA:18,288230376151711744
DA:19,288230376151711744
DA:20,288230376151711744
DA:26,288230376151711744
DA:33,288230376151711744
DA:34,144115188075855872
DA:35,144115188075855872
LF:8
LH:8
end_of_record
TN:
SF:C:\Users\zita\Documents\Semester_4\Adpro\GroupProject\json-order-service\src\tests\unit\services\bug_double_saga_execution.rs
FN:15,make_order
FNF:1
FNDA:144115188075855872,make_order
DA:15,144115188075855872
DA:20,288230376151711744
DA:21,720575940379279360
DA:27,288230376151711744
DA:34,288230376151711744
DA:35,144115188075855872
DA:36,144115188075855872
LF:7
LH:7
end_of_record
TN:
SF:C:\Users\zita\Documents\Semester_4\Adpro\GroupProject\json-order-service\src\tests\unit\services\bug_reserving_timeout.rs
FN:14,make_order
FNF:1
FNDA:216172782113783808,make_order
DA:14,216172782113783808
DA:18,432345564227567616
DA:19,432345564227567616
DA:20,432345564227567616
DA:26,432345564227567616
DA:33,432345564227567616
DA:34,216172782113783808
DA:35,216172782113783808
LF:8
LH:8
end_of_record
TN:
SF:C:\Users\zita\Documents\Semester_4\Adpro\GroupProject\json-order-service\src\tests\unit\services\http_client_service_test.rs
FN:5,setup_env
FNF:1
FNDA:504403158265495552,setup_env
DA:5,504403158265495552
DA:6,1008806316530991104
DA:7,72057594037927936
LF:3
LH:3
end_of_record
TN:
SF:C:\Users\zita\Documents\Semester_4\Adpro\GroupProject\json-order-service\src\tests\unit\services\order_internal_service_test.rs
FN:12,make_order
FNF:1
FNDA:1080863910568919040,make_order
DA:12,1080863910568919040
DA:17,2161727821137838080
DA:18,2161727821137838080
DA:24,2161727821137838080
DA:31,2161727821137838080
DA:32,1080863910568919040
DA:33,1080863910568919040
LF:7
LH:7
end_of_record
TN:
SF:C:\Users\zita\Documents\Semester_4\Adpro\GroupProject\json-order-service\src\tests\unit\services\order_service_test.rs
FN:27,make_order
FN:52,make_create_request
FN:71,make_order_query_params
FN:82,make_checkout_publisher_ok
FNF:4
FNDA:2666130979403333632,make_order
FNDA:432345564227567616,make_create_request
FNDA:288230376151711744,make_order_query_params
FNDA:144115188075855872,make_checkout_publisher_ok
DA:27,2666130979403333632
DA:32,5332261958806667264
DA:33,13330654897016668160
DA:39,5332261958806667264
DA:46,5332261958806667264
DA:47,2666130979403333632
DA:48,2666130979403333632
DA:52,432345564227567616
DA:56,432345564227567616
DA:71,288230376151711744
DA:73,288230376151711744
DA:82,144115188075855872
DA:83,288230376151711744
DA:84,360287970189639680
DA:85,144115188075855872
LF:15
LH:15
end_of_record
TN:
SF:C:\Users\zita\Documents\Semester_4\Adpro\GroupProject\json-order-service\src\tests\unit\services\rating_jastiper_service_test.rs
FN:19,make_order
FN:44,make_rating_jastiper
FN:55,valid_request
FNF:3
FNDA:720575940379279360,make_order
FNDA:360287970189639680,make_rating_jastiper
FNDA:576460752303423488,valid_request
DA:19,720575940379279360
DA:24,1441151880758558720
DA:25,1441151880758558720
DA:31,1441151880758558720
DA:38,1441151880758558720
DA:39,720575940379279360
DA:40,720575940379279360
DA:44,360287970189639680
DA:46,720575940379279360
DA:50,360287970189639680
DA:51,360287970189639680
DA:55,576460752303423488
DA:58,576460752303423488
LF:13
LH:13
end_of_record
TN:
SF:C:\Users\zita\Documents\Semester_4\Adpro\GroupProject\json-order-service\src\tests\unit\services\rating_product_service_test.rs
FN:17,make_order
FN:42,make_rating_product
FN:54,valid_request
FNF:3
FNDA:792633534417207296,make_order
FNDA:360287970189639680,make_rating_product
FNDA:576460752303423488,valid_request
DA:17,792633534417207296
DA:22,1585267068834414592
DA:23,3963167672086036480
DA:29,1585267068834414592
DA:36,1585267068834414592
DA:37,792633534417207296
DA:38,792633534417207296
DA:42,360287970189639680
DA:44,720575940379279360
DA:48,720575940379279360
DA:49,360287970189639680
DA:50,360287970189639680
DA:54,576460752303423488
DA:57,576460752303423488
DA:58,576460752303423488
LF:15
LH:15
end_of_record
